[debug] [2025-09-29T03:29:53.615Z] ----------------------------------------------------------------------
[debug] [2025-09-29T03:29:53.618Z] Command:       /Users/goedert/.nvm/versions/node/v22.19.0/bin/node /Users/goedert/.nvm/versions/node/v22.19.0/bin/firebase deploy --only functions
[debug] [2025-09-29T03:29:53.619Z] CLI Version:   14.17.0
[debug] [2025-09-29T03:29:53.619Z] Platform:      darwin
[debug] [2025-09-29T03:29:53.619Z] Node Version:  v22.19.0
[debug] [2025-09-29T03:29:53.620Z] Time:          Mon Sep 29 2025 00:29:53 GMT-0300 (Horário Padrão de Brasília)
[debug] [2025-09-29T03:29:53.620Z] ----------------------------------------------------------------------
[debug] 
[debug] [2025-09-29T03:29:53.827Z] > command requires scopes: ["email","openid","https://www.googleapis.com/auth/cloudplatformprojects.readonly","https://www.googleapis.com/auth/firebase","https://www.googleapis.com/auth/cloud-platform"]
[debug] [2025-09-29T03:29:53.827Z] > authorizing via signed-in user (comercial@kihap.com.br)
[debug] [2025-09-29T03:29:53.828Z] [iam] checking project intranet-kihap for permissions ["cloudfunctions.functions.create","cloudfunctions.functions.delete","cloudfunctions.functions.get","cloudfunctions.functions.list","cloudfunctions.functions.update","cloudfunctions.operations.get","firebase.projects.get"]
[debug] [2025-09-29T03:29:53.829Z] Checked if tokens are valid: true, expires at: 1759120107663
[debug] [2025-09-29T03:29:53.829Z] Checked if tokens are valid: true, expires at: 1759120107663
[debug] [2025-09-29T03:29:53.830Z] >>> [apiv2][query] POST https://cloudresourcemanager.googleapis.com/v1/projects/intranet-kihap:testIamPermissions [none]
[debug] [2025-09-29T03:29:53.830Z] >>> [apiv2][(partial)header] POST https://cloudresourcemanager.googleapis.com/v1/projects/intranet-kihap:testIamPermissions x-goog-quota-user=projects/intranet-kihap
[debug] [2025-09-29T03:29:53.830Z] >>> [apiv2][body] POST https://cloudresourcemanager.googleapis.com/v1/projects/intranet-kihap:testIamPermissions {"permissions":["cloudfunctions.functions.create","cloudfunctions.functions.delete","cloudfunctions.functions.get","cloudfunctions.functions.list","cloudfunctions.functions.update","cloudfunctions.operations.get","firebase.projects.get"]}
[debug] [2025-09-29T03:29:54.757Z] <<< [apiv2][status] POST https://cloudresourcemanager.googleapis.com/v1/projects/intranet-kihap:testIamPermissions 200
[debug] [2025-09-29T03:29:54.757Z] <<< [apiv2][body] POST https://cloudresourcemanager.googleapis.com/v1/projects/intranet-kihap:testIamPermissions {"permissions":["cloudfunctions.functions.create","cloudfunctions.functions.delete","cloudfunctions.functions.get","cloudfunctions.functions.list","cloudfunctions.functions.update","cloudfunctions.operations.get","firebase.projects.get"]}
[debug] [2025-09-29T03:29:54.758Z] Checked if tokens are valid: true, expires at: 1759120107663
[debug] [2025-09-29T03:29:54.758Z] Checked if tokens are valid: true, expires at: 1759120107663
[debug] [2025-09-29T03:29:54.758Z] >>> [apiv2][query] POST https://iam.googleapis.com/v1/projects/intranet-kihap/serviceAccounts/intranet-kihap@appspot.gserviceaccount.com:testIamPermissions [none]
[debug] [2025-09-29T03:29:54.758Z] >>> [apiv2][body] POST https://iam.googleapis.com/v1/projects/intranet-kihap/serviceAccounts/intranet-kihap@appspot.gserviceaccount.com:testIamPermissions {"permissions":["iam.serviceAccounts.actAs"]}
[debug] [2025-09-29T03:29:55.758Z] <<< [apiv2][status] POST https://iam.googleapis.com/v1/projects/intranet-kihap/serviceAccounts/intranet-kihap@appspot.gserviceaccount.com:testIamPermissions 200
[debug] [2025-09-29T03:29:55.758Z] <<< [apiv2][body] POST https://iam.googleapis.com/v1/projects/intranet-kihap/serviceAccounts/intranet-kihap@appspot.gserviceaccount.com:testIamPermissions {"permissions":["iam.serviceAccounts.actAs"]}
[info] 
[info] === Deploying to 'intranet-kihap'...
[info] 
[info] i  deploying functions 
[debug] [2025-09-29T03:29:55.762Z] Checked if tokens are valid: true, expires at: 1759120107663
[debug] [2025-09-29T03:29:55.762Z] Checked if tokens are valid: true, expires at: 1759120107663
[debug] [2025-09-29T03:29:55.762Z] >>> [apiv2][query] GET https://serviceusage.googleapis.com/v1/projects/intranet-kihap/services/cloudresourcemanager.googleapis.com [none]
[debug] [2025-09-29T03:29:55.762Z] >>> [apiv2][(partial)header] GET https://serviceusage.googleapis.com/v1/projects/intranet-kihap/services/cloudresourcemanager.googleapis.com x-goog-quota-user=projects/intranet-kihap
[debug] [2025-09-29T03:29:56.875Z] <<< [apiv2][status] GET https://serviceusage.googleapis.com/v1/projects/intranet-kihap/services/cloudresourcemanager.googleapis.com 200
[debug] [2025-09-29T03:29:56.875Z] <<< [apiv2][body] GET https://serviceusage.googleapis.com/v1/projects/intranet-kihap/services/cloudresourcemanager.googleapis.com [omitted]
[debug] [2025-09-29T03:29:56.903Z] Checked if tokens are valid: true, expires at: 1759120107663
[debug] [2025-09-29T03:29:56.903Z] Checked if tokens are valid: true, expires at: 1759120107663
[debug] [2025-09-29T03:29:56.903Z] >>> [apiv2][query] GET https://cloudresourcemanager.googleapis.com/v1/projects/intranet-kihap [none]
[debug] [2025-09-29T03:29:57.124Z] <<< [apiv2][status] GET https://cloudresourcemanager.googleapis.com/v1/projects/intranet-kihap 200
[debug] [2025-09-29T03:29:57.125Z] <<< [apiv2][body] GET https://cloudresourcemanager.googleapis.com/v1/projects/intranet-kihap {"projectNumber":"1055939458006","projectId":"intranet-kihap","lifecycleState":"ACTIVE","name":"Intranet-kihap","labels":{"firebase":"enabled","firebase-core":"disabled","generative-language":"enabled"},"createTime":"2025-08-24T21:36:32.438489Z","parent":{"type":"organization","id":"97020421655"}}
[info] i  functions: preparing codebase default for deployment 
[info] i  functions: ensuring required API cloudfunctions.googleapis.com is enabled... 
[info] i  functions: ensuring required API cloudbuild.googleapis.com is enabled... 
[debug] [2025-09-29T03:29:57.127Z] Checked if tokens are valid: true, expires at: 1759120107663
[debug] [2025-09-29T03:29:57.127Z] Checked if tokens are valid: true, expires at: 1759120107663
[info] i  artifactregistry: ensuring required API artifactregistry.googleapis.com is enabled... 
[debug] [2025-09-29T03:29:57.127Z] Checked if tokens are valid: true, expires at: 1759120107663
[debug] [2025-09-29T03:29:57.127Z] Checked if tokens are valid: true, expires at: 1759120107663
[debug] [2025-09-29T03:29:57.127Z] >>> [apiv2][query] GET https://serviceusage.googleapis.com/v1/projects/intranet-kihap/services/cloudbuild.googleapis.com [none]
[debug] [2025-09-29T03:29:57.127Z] >>> [apiv2][(partial)header] GET https://serviceusage.googleapis.com/v1/projects/intranet-kihap/services/cloudbuild.googleapis.com x-goog-quota-user=projects/intranet-kihap
[debug] [2025-09-29T03:29:57.128Z] >>> [apiv2][query] GET https://serviceusage.googleapis.com/v1/projects/intranet-kihap/services/artifactregistry.googleapis.com [none]
[debug] [2025-09-29T03:29:57.128Z] >>> [apiv2][(partial)header] GET https://serviceusage.googleapis.com/v1/projects/intranet-kihap/services/artifactregistry.googleapis.com x-goog-quota-user=projects/intranet-kihap
[debug] [2025-09-29T03:29:58.178Z] <<< [apiv2][status] GET https://serviceusage.googleapis.com/v1/projects/intranet-kihap/services/cloudbuild.googleapis.com 200
[debug] [2025-09-29T03:29:58.178Z] <<< [apiv2][body] GET https://serviceusage.googleapis.com/v1/projects/intranet-kihap/services/cloudbuild.googleapis.com [omitted]
[warn] ⚠  functions: missing required API cloudbuild.googleapis.com. Enabling now... 
[debug] [2025-09-29T03:29:58.179Z] Checked if tokens are valid: true, expires at: 1759120107663
[debug] [2025-09-29T03:29:58.179Z] Checked if tokens are valid: true, expires at: 1759120107663
[debug] [2025-09-29T03:29:58.179Z] >>> [apiv2][query] POST https://serviceusage.googleapis.com/v1/projects/intranet-kihap/services/cloudbuild.googleapis.com:enable [none]
[debug] [2025-09-29T03:29:58.179Z] >>> [apiv2][(partial)header] POST https://serviceusage.googleapis.com/v1/projects/intranet-kihap/services/cloudbuild.googleapis.com:enable x-goog-quota-user=projects/intranet-kihap
[debug] [2025-09-29T03:29:58.188Z] <<< [apiv2][status] GET https://serviceusage.googleapis.com/v1/projects/intranet-kihap/services/artifactregistry.googleapis.com 200
[debug] [2025-09-29T03:29:58.189Z] <<< [apiv2][body] GET https://serviceusage.googleapis.com/v1/projects/intranet-kihap/services/artifactregistry.googleapis.com [omitted]
[warn] ⚠  artifactregistry: missing required API artifactregistry.googleapis.com. Enabling now... 
[debug] [2025-09-29T03:29:58.189Z] Checked if tokens are valid: true, expires at: 1759120107663
[debug] [2025-09-29T03:29:58.189Z] Checked if tokens are valid: true, expires at: 1759120107663
[debug] [2025-09-29T03:29:58.189Z] >>> [apiv2][query] POST https://serviceusage.googleapis.com/v1/projects/intranet-kihap/services/artifactregistry.googleapis.com:enable [none]
[debug] [2025-09-29T03:29:58.189Z] >>> [apiv2][(partial)header] POST https://serviceusage.googleapis.com/v1/projects/intranet-kihap/services/artifactregistry.googleapis.com:enable x-goog-quota-user=projects/intranet-kihap
[debug] [2025-09-29T03:29:59.550Z] <<< [apiv2][status] POST https://serviceusage.googleapis.com/v1/projects/intranet-kihap/services/cloudbuild.googleapis.com:enable 200
[debug] [2025-09-29T03:29:59.550Z] <<< [apiv2][body] POST https://serviceusage.googleapis.com/v1/projects/intranet-kihap/services/cloudbuild.googleapis.com:enable [omitted]
[debug] [2025-09-29T03:29:59.605Z] <<< [apiv2][status] POST https://serviceusage.googleapis.com/v1/projects/intranet-kihap/services/artifactregistry.googleapis.com:enable 200
[debug] [2025-09-29T03:29:59.605Z] <<< [apiv2][body] POST https://serviceusage.googleapis.com/v1/projects/intranet-kihap/services/artifactregistry.googleapis.com:enable [omitted]
[debug] [2025-09-29T03:30:09.631Z] Checked if tokens are valid: true, expires at: 1759120107663
[debug] [2025-09-29T03:30:09.631Z] Checked if tokens are valid: true, expires at: 1759120107663
[debug] [2025-09-29T03:30:09.631Z] >>> [apiv2][query] GET https://firebase.googleapis.com/v1beta1/projects/intranet-kihap/adminSdkConfig [none]
[debug] [2025-09-29T03:30:10.158Z] <<< [apiv2][status] GET https://firebase.googleapis.com/v1beta1/projects/intranet-kihap/adminSdkConfig 200
[debug] [2025-09-29T03:30:10.158Z] <<< [apiv2][body] GET https://firebase.googleapis.com/v1beta1/projects/intranet-kihap/adminSdkConfig {"projectId":"intranet-kihap","storageBucket":"intranet-kihap.firebasestorage.app"}
[debug] [2025-09-29T03:30:10.159Z] Checked if tokens are valid: true, expires at: 1759120107663
[debug] [2025-09-29T03:30:10.159Z] Checked if tokens are valid: true, expires at: 1759120107663
[debug] [2025-09-29T03:30:10.159Z] >>> [apiv2][query] GET https://runtimeconfig.googleapis.com/v1beta1/projects/intranet-kihap/configs [none]
[debug] [2025-09-29T03:30:10.811Z] <<< [apiv2][status] GET https://runtimeconfig.googleapis.com/v1beta1/projects/intranet-kihap/configs 200
[debug] [2025-09-29T03:30:10.811Z] <<< [apiv2][body] GET https://runtimeconfig.googleapis.com/v1beta1/projects/intranet-kihap/configs {}
[debug] [2025-09-29T03:30:10.812Z] Validating nodejs source
[warn] ⚠  functions: Runtime Node.js 18 was deprecated on 2025-04-30 and will be decommissioned on 2025-10-30, after which you will not be able to deploy without upgrading. Consider upgrading now to avoid disruption. See https://cloud.google.com/functions/docs/runtime-support for full details on the lifecycle policy 
[warn] ⚠  functions: package.json indicates an outdated version of firebase-functions. Please upgrade using npm install --save firebase-functions@latest in your functions directory. 
[warn] ⚠  functions: Please note that there will be breaking changes when you upgrade. 
[debug] [2025-09-29T03:30:11.769Z] > [functions] package.json contents: {
  "name": "functions",
  "description": "Cloud Functions for Firebase",
  "scripts": {
    "serve": "firebase emulators:start --only functions",
    "shell": "firebase functions:shell",
    "start": "npm run shell",
    "deploy": "firebase deploy --only functions",
    "logs": "firebase functions:log"
  },
  "engines": {
    "node": "18"
  },
  "main": "index.js",
  "dependencies": {
    "firebase-admin": "^11.8.0",
    "firebase-functions": "^4.3.1"
  },
  "devDependencies": {
    "firebase-functions-test": "^3.1.0"
  },
  "private": true
}
[debug] [2025-09-29T03:30:11.769Z] Building nodejs source
[info] i  functions: Loading and analyzing source code for codebase default to determine what to deploy 
[info] i  functions: You are using a version of firebase-functions SDK (4.9.0) that does not have support for the newest Firebase Extensions features. Please update firebase-functions SDK to >=5.1.0 to use them correctly 
[debug] [2025-09-29T03:30:11.770Z] Could not find functions.yaml. Must use http discovery
[debug] [2025-09-29T03:30:11.781Z] Found firebase-functions binary at '/Users/goedert/Documents/GITHUB/KIHAP/novokihap/functions/node_modules/.bin/firebase-functions'
[info] Serving at port 8113

[debug] [2025-09-29T03:30:12.729Z] Got response from /__/functions.yaml {"endpoints":{"setUserRole":{"platform":"gcfv1","labels":{},"availableMemoryMb":null,"timeoutSeconds":null,"minInstances":null,"maxInstances":null,"ingressSettings":null,"serviceAccountEmail":null,"vpc":null,"callableTrigger":{},"entryPoint":"setUserRole"}},"specVersion":"v1alpha1","requiredAPIs":[]}
[info] i  functions: preparing functions directory for uploading... 
[info] i  functions: packaged /Users/goedert/Documents/GITHUB/KIHAP/novokihap/functions (74.13 KB) for uploading 
[debug] [2025-09-29T03:30:16.798Z] Checked if tokens are valid: true, expires at: 1759120107663
[debug] [2025-09-29T03:30:16.798Z] Checked if tokens are valid: true, expires at: 1759120107663
[debug] [2025-09-29T03:30:16.799Z] >>> [apiv2][query] GET https://cloudfunctions.googleapis.com/v1/projects/intranet-kihap/locations/-/functions [none]
[debug] [2025-09-29T03:30:17.960Z] <<< [apiv2][status] GET https://cloudfunctions.googleapis.com/v1/projects/intranet-kihap/locations/-/functions 200
[debug] [2025-09-29T03:30:17.960Z] <<< [apiv2][body] GET https://cloudfunctions.googleapis.com/v1/projects/intranet-kihap/locations/-/functions {}
[debug] [2025-09-29T03:30:17.961Z] Checked if tokens are valid: true, expires at: 1759120107663
[debug] [2025-09-29T03:30:17.961Z] Checked if tokens are valid: true, expires at: 1759120107663
[debug] [2025-09-29T03:30:17.961Z] >>> [apiv2][query] GET https://cloudfunctions.googleapis.com/v2/projects/intranet-kihap/locations/-/functions filter=environment%3D%22GEN_2%22
[debug] [2025-09-29T03:30:19.147Z] <<< [apiv2][status] GET https://cloudfunctions.googleapis.com/v2/projects/intranet-kihap/locations/-/functions 200
[debug] [2025-09-29T03:30:19.147Z] <<< [apiv2][body] GET https://cloudfunctions.googleapis.com/v2/projects/intranet-kihap/locations/-/functions {}
[debug] [2025-09-29T03:30:19.152Z] Checked if tokens are valid: true, expires at: 1759120107663
[debug] [2025-09-29T03:30:19.153Z] Checked if tokens are valid: true, expires at: 1759120107663
[debug] [2025-09-29T03:30:19.153Z] >>> [apiv2][query] GET https://cloudresourcemanager.googleapis.com/v1/projects/intranet-kihap [none]
[debug] [2025-09-29T03:30:20.053Z] <<< [apiv2][status] GET https://cloudresourcemanager.googleapis.com/v1/projects/intranet-kihap 200
[debug] [2025-09-29T03:30:20.053Z] <<< [apiv2][body] GET https://cloudresourcemanager.googleapis.com/v1/projects/intranet-kihap {"projectNumber":"1055939458006","projectId":"intranet-kihap","lifecycleState":"ACTIVE","name":"Intranet-kihap","labels":{"firebase":"enabled","firebase-core":"disabled","generative-language":"enabled"},"createTime":"2025-08-24T21:36:32.438489Z","parent":{"type":"organization","id":"97020421655"}}
[debug] [2025-09-29T03:30:20.055Z] Checked if tokens are valid: true, expires at: 1759120107663
[debug] [2025-09-29T03:30:20.055Z] Checked if tokens are valid: true, expires at: 1759120107663
[debug] [2025-09-29T03:30:20.055Z] >>> [apiv2][query] POST https://cloudfunctions.googleapis.com/v1/projects/intranet-kihap/locations/us-central1/functions:generateUploadUrl [none]
[debug] [2025-09-29T03:30:20.055Z] >>> [apiv2][body] POST https://cloudfunctions.googleapis.com/v1/projects/intranet-kihap/locations/us-central1/functions:generateUploadUrl {}
[debug] [2025-09-29T03:30:30.842Z] <<< [apiv2][status] POST https://cloudfunctions.googleapis.com/v1/projects/intranet-kihap/locations/us-central1/functions:generateUploadUrl 200
[debug] [2025-09-29T03:30:30.842Z] <<< [apiv2][body] POST https://cloudfunctions.googleapis.com/v1/projects/intranet-kihap/locations/us-central1/functions:generateUploadUrl {"uploadUrl":"https://storage.googleapis.com/uploads-141319004885.us-central1.cloudfunctions.appspot.com/e7f77651-10eb-4194-aa41-6cfdac351a74.zip?GoogleAccessId=service-1055939458006@gcf-admin-robot.iam.gserviceaccount.com&Expires=1759118431&Signature=eh2HIbS5mYmimTviVwwqR%2BK%2FZvlXY1Tl2P7toHcmpEoW6xNzYh6nn5LXgliE1UU%2B4GCHcTEq2Kwow3Y64YCpDihNVOclrwBNJGhsPUEfOHQ7qTz7lKmCybIFESWJRWm55oU7j3UYIKPl8fdvyPexs0blGp45RBuopKKb%2B%2Fj22tvaom5uI939AsoTWwIwwPS7vgunui%2B12M%2BMtqmYD9YfJYcswJeLCsKS0EDzGFyrS2eI3Y1%2BiTDS4MWFdRSo%2B3z8tt%2FykM9kpCn1vyPV%2Btt23lE9rlI%2BvRLRIv2sc69Y962D%2FKRBPCg0XH%2BCeh9UNw0wZgsAEkLRgpQkhNCvS3f5NA%3D%3D"}
[debug] [2025-09-29T03:30:30.842Z] >>> [apiv2][query] PUT https://storage.googleapis.com/uploads-141319004885.us-central1.cloudfunctions.appspot.com/e7f77651-10eb-4194-aa41-6cfdac351a74.zip GoogleAccessId=service-1055939458006%40gcf-admin-robot.iam.gserviceaccount.com&Expires=1759118431&Signature=eh2HIbS5mYmimTviVwwqR%2BK%2FZvlXY1Tl2P7toHcmpEoW6xNzYh6nn5LXgliE1UU%2B4GCHcTEq2Kwow3Y64YCpDihNVOclrwBNJGhsPUEfOHQ7qTz7lKmCybIFESWJRWm55oU7j3UYIKPl8fdvyPexs0blGp45RBuopKKb%2B%2Fj22tvaom5uI939AsoTWwIwwPS7vgunui%2B12M%2BMtqmYD9YfJYcswJeLCsKS0EDzGFyrS2eI3Y1%2BiTDS4MWFdRSo%2B3z8tt%2FykM9kpCn1vyPV%2Btt23lE9rlI%2BvRLRIv2sc69Y962D%2FKRBPCg0XH%2BCeh9UNw0wZgsAEkLRgpQkhNCvS3f5NA%3D%3D
[debug] [2025-09-29T03:30:30.843Z] >>> [apiv2][body] PUT https://storage.googleapis.com/uploads-141319004885.us-central1.cloudfunctions.appspot.com/e7f77651-10eb-4194-aa41-6cfdac351a74.zip [stream]
[debug] [2025-09-29T03:30:31.763Z] <<< [apiv2][status] PUT https://storage.googleapis.com/uploads-141319004885.us-central1.cloudfunctions.appspot.com/e7f77651-10eb-4194-aa41-6cfdac351a74.zip 200
[debug] [2025-09-29T03:30:31.763Z] <<< [apiv2][body] PUT https://storage.googleapis.com/uploads-141319004885.us-central1.cloudfunctions.appspot.com/e7f77651-10eb-4194-aa41-6cfdac351a74.zip [omitted]
[info] ✔  functions: functions source uploaded successfully 
[info] i  functions: creating Node.js 18 (1st Gen) function setUserRole(us-central1)... 
[debug] [2025-09-29T03:30:31.768Z] Checked if tokens are valid: true, expires at: 1759120107663
[debug] [2025-09-29T03:30:31.768Z] Checked if tokens are valid: true, expires at: 1759120107663
[debug] [2025-09-29T03:30:31.769Z] >>> [apiv2][query] POST https://cloudfunctions.googleapis.com/v1/projects/intranet-kihap/locations/us-central1/functions [none]
[debug] [2025-09-29T03:30:31.769Z] >>> [apiv2][body] POST https://cloudfunctions.googleapis.com/v1/projects/intranet-kihap/locations/us-central1/functions {"name":"projects/intranet-kihap/locations/us-central1/functions/setUserRole","sourceUploadUrl":"https://storage.googleapis.com/uploads-141319004885.us-central1.cloudfunctions.appspot.com/e7f77651-10eb-4194-aa41-6cfdac351a74.zip?GoogleAccessId=service-1055939458006@gcf-admin-robot.iam.gserviceaccount.com&Expires=1759118431&Signature=eh2HIbS5mYmimTviVwwqR%2BK%2FZvlXY1Tl2P7toHcmpEoW6xNzYh6nn5LXgliE1UU%2B4GCHcTEq2Kwow3Y64YCpDihNVOclrwBNJGhsPUEfOHQ7qTz7lKmCybIFESWJRWm55oU7j3UYIKPl8fdvyPexs0blGp45RBuopKKb%2B%2Fj22tvaom5uI939AsoTWwIwwPS7vgunui%2B12M%2BMtqmYD9YfJYcswJeLCsKS0EDzGFyrS2eI3Y1%2BiTDS4MWFdRSo%2B3z8tt%2FykM9kpCn1vyPV%2Btt23lE9rlI%2BvRLRIv2sc69Y962D%2FKRBPCg0XH%2BCeh9UNw0wZgsAEkLRgpQkhNCvS3f5NA%3D%3D","entryPoint":"setUserRole","runtime":"nodejs18","dockerRegistry":"ARTIFACT_REGISTRY","labels":{"deployment-tool":"cli-firebase","deployment-callable":"true","firebase-functions-hash":"7f736d9dff06b61b857b53b8670be4d78725e7ac"},"httpsTrigger":{"securityLevel":"SECURE_ALWAYS"},"minInstances":null,"maxInstances":null,"ingressSettings":null,"environmentVariables":{"FIREBASE_CONFIG":"{\"projectId\":\"intranet-kihap\",\"storageBucket\":\"intranet-kihap.firebasestorage.app\"}","GCLOUD_PROJECT":"intranet-kihap","EVENTARC_CLOUD_EVENT_SOURCE":"projects/intranet-kihap/locations/us-central1/functions/setUserRole"},"serviceAccountEmail":null,"availableMemoryMb":null,"timeout":null,"vpcConnector":null,"vpcConnectorEgressSettings":null,"buildEnvironmentVariables":{"GOOGLE_NODE_RUN_SCRIPTS":""}}
[debug] [2025-09-29T03:30:33.915Z] <<< [apiv2][status] POST https://cloudfunctions.googleapis.com/v1/projects/intranet-kihap/locations/us-central1/functions 200
[debug] [2025-09-29T03:30:33.915Z] <<< [apiv2][body] POST https://cloudfunctions.googleapis.com/v1/projects/intranet-kihap/locations/us-central1/functions {"name":"operations/cHJvamVjdHMvaW50cmFuZXQta2loYXAvbG9jYXRpb25zL3VzLWNlbnRyYWwxL29wZXJhdGlvbnMvb3BlcmF0aW9uLTE3NTkxMTY2MzI2MjctNjNmZTg0MjAxOTk0Ni03ODUxNTMzYi02NTM2M2VmNA","metadata":{"@type":"type.googleapis.com/google.cloud.functions.v1.OperationMetadataV1","target":"projects/intranet-kihap/locations/us-central1/functions/setUserRole","updateTime":"2025-09-29T03:30:34.006181374Z"}}
[debug] [2025-09-29T03:30:33.916Z] Checked if tokens are valid: true, expires at: 1759120107663
[debug] [2025-09-29T03:30:33.916Z] Checked if tokens are valid: true, expires at: 1759120107663
[debug] [2025-09-29T03:30:33.916Z] >>> [apiv2][query] GET https://cloudfunctions.googleapis.com/v1/operations/cHJvamVjdHMvaW50cmFuZXQta2loYXAvbG9jYXRpb25zL3VzLWNlbnRyYWwxL29wZXJhdGlvbnMvb3BlcmF0aW9uLTE3NTkxMTY2MzI2MjctNjNmZTg0MjAxOTk0Ni03ODUxNTMzYi02NTM2M2VmNA [none]
[debug] [2025-09-29T03:30:34.426Z] <<< [apiv2][status] GET https://cloudfunctions.googleapis.com/v1/operations/cHJvamVjdHMvaW50cmFuZXQta2loYXAvbG9jYXRpb25zL3VzLWNlbnRyYWwxL29wZXJhdGlvbnMvb3BlcmF0aW9uLTE3NTkxMTY2MzI2MjctNjNmZTg0MjAxOTk0Ni03ODUxNTMzYi02NTM2M2VmNA 200
[debug] [2025-09-29T03:30:34.426Z] <<< [apiv2][body] GET https://cloudfunctions.googleapis.com/v1/operations/cHJvamVjdHMvaW50cmFuZXQta2loYXAvbG9jYXRpb25zL3VzLWNlbnRyYWwxL29wZXJhdGlvbnMvb3BlcmF0aW9uLTE3NTkxMTY2MzI2MjctNjNmZTg0MjAxOTk0Ni03ODUxNTMzYi02NTM2M2VmNA {"name":"operations/cHJvamVjdHMvaW50cmFuZXQta2loYXAvbG9jYXRpb25zL3VzLWNlbnRyYWwxL29wZXJhdGlvbnMvb3BlcmF0aW9uLTE3NTkxMTY2MzI2MjctNjNmZTg0MjAxOTk0Ni03ODUxNTMzYi02NTM2M2VmNA","metadata":{"@type":"type.googleapis.com/google.cloud.functions.v1.OperationMetadataV1","target":"projects/intranet-kihap/locations/us-central1/functions/setUserRole","updateTime":"2025-09-29T03:30:34.006181374Z"}}
[debug] [2025-09-29T03:30:34.927Z] [create-default-us-central1-setUserRole] Retrying task index 0
[debug] [2025-09-29T03:30:34.927Z] Checked if tokens are valid: true, expires at: 1759120107663
[debug] [2025-09-29T03:30:34.927Z] Checked if tokens are valid: true, expires at: 1759120107663
[debug] [2025-09-29T03:30:34.927Z] >>> [apiv2][query] GET https://cloudfunctions.googleapis.com/v1/operations/cHJvamVjdHMvaW50cmFuZXQta2loYXAvbG9jYXRpb25zL3VzLWNlbnRyYWwxL29wZXJhdGlvbnMvb3BlcmF0aW9uLTE3NTkxMTY2MzI2MjctNjNmZTg0MjAxOTk0Ni03ODUxNTMzYi02NTM2M2VmNA [none]
[debug] [2025-09-29T03:30:35.542Z] <<< [apiv2][status] GET https://cloudfunctions.googleapis.com/v1/operations/cHJvamVjdHMvaW50cmFuZXQta2loYXAvbG9jYXRpb25zL3VzLWNlbnRyYWwxL29wZXJhdGlvbnMvb3BlcmF0aW9uLTE3NTkxMTY2MzI2MjctNjNmZTg0MjAxOTk0Ni03ODUxNTMzYi02NTM2M2VmNA 200
[debug] [2025-09-29T03:30:35.542Z] <<< [apiv2][body] GET https://cloudfunctions.googleapis.com/v1/operations/cHJvamVjdHMvaW50cmFuZXQta2loYXAvbG9jYXRpb25zL3VzLWNlbnRyYWwxL29wZXJhdGlvbnMvb3BlcmF0aW9uLTE3NTkxMTY2MzI2MjctNjNmZTg0MjAxOTk0Ni03ODUxNTMzYi02NTM2M2VmNA {"name":"operations/cHJvamVjdHMvaW50cmFuZXQta2loYXAvbG9jYXRpb25zL3VzLWNlbnRyYWwxL29wZXJhdGlvbnMvb3BlcmF0aW9uLTE3NTkxMTY2MzI2MjctNjNmZTg0MjAxOTk0Ni03ODUxNTMzYi02NTM2M2VmNA","metadata":{"@type":"type.googleapis.com/google.cloud.functions.v1.OperationMetadataV1","target":"projects/intranet-kihap/locations/us-central1/functions/setUserRole","type":"CREATE_FUNCTION","request":{"@type":"type.googleapis.com/google.cloud.functions.v1.CloudFunction","name":"projects/intranet-kihap/locations/us-central1/functions/setUserRole","httpsTrigger":{"securityLevel":"SECURE_ALWAYS"},"entryPoint":"setUserRole","updateTime":"1970-01-01T00:00:00Z","labels":{"deployment-tool":"cli-firebase","deployment-callable":"true","firebase-functions-hash":"7f736d9dff06b61b857b53b8670be4d78725e7ac"},"sourceUploadUrl":"https://storage.googleapis.com/uploads-141319004885.us-central1.cloudfunctions.appspot.com/e7f77651-10eb-4194-aa41-6cfdac351a74.zip?GoogleAccessId=service-1055939458006@gcf-admin-robot.iam.gserviceaccount.com&Expires=1759118431&Signature=eh2HIbS5mYmimTviVwwqR%2BK%2FZvlXY1Tl2P7toHcmpEoW6xNzYh6nn5LXgliE1UU%2B4GCHcTEq2Kwow3Y64YCpDihNVOclrwBNJGhsPUEfOHQ7qTz7lKmCybIFESWJRWm55oU7j3UYIKPl8fdvyPexs0blGp45RBuopKKb%2B%2Fj22tvaom5uI939AsoTWwIwwPS7vgunui%2B12M%2BMtqmYD9YfJYcswJeLCsKS0EDzGFyrS2eI3Y1%2BiTDS4MWFdRSo%2B3z8tt%2FykM9kpCn1vyPV%2Btt23lE9rlI%2BvRLRIv2sc69Y962D%2FKRBPCg0XH%2BCeh9UNw0wZgsAEkLRgpQkhNCvS3f5NA%3D%3D","environmentVariables":{"FIREBASE_CONFIG":"{\"projectId\":\"intranet-kihap\",\"storageBucket\":\"intranet-kihap.firebasestorage.app\"}","GCLOUD_PROJECT":"intranet-kihap","EVENTARC_CLOUD_EVENT_SOURCE":"projects/intranet-kihap/locations/us-central1/functions/setUserRole"},"runtime":"nodejs18","buildEnvironmentVariables":{"GOOGLE_NODE_RUN_SCRIPTS":""},"dockerRegistry":"ARTIFACT_REGISTRY"},"versionId":"1","updateTime":"2025-09-29T03:30:34.006181374Z"}}
[debug] [2025-09-29T03:30:36.543Z] [create-default-us-central1-setUserRole] Retrying task index 0
[debug] [2025-09-29T03:30:36.543Z] Checked if tokens are valid: true, expires at: 1759120107663
[debug] [2025-09-29T03:30:36.543Z] Checked if tokens are valid: true, expires at: 1759120107663
[debug] [2025-09-29T03:30:36.543Z] >>> [apiv2][query] GET https://cloudfunctions.googleapis.com/v1/operations/cHJvamVjdHMvaW50cmFuZXQta2loYXAvbG9jYXRpb25zL3VzLWNlbnRyYWwxL29wZXJhdGlvbnMvb3BlcmF0aW9uLTE3NTkxMTY2MzI2MjctNjNmZTg0MjAxOTk0Ni03ODUxNTMzYi02NTM2M2VmNA [none]
[debug] [2025-09-29T03:30:37.100Z] <<< [apiv2][status] GET https://cloudfunctions.googleapis.com/v1/operations/cHJvamVjdHMvaW50cmFuZXQta2loYXAvbG9jYXRpb25zL3VzLWNlbnRyYWwxL29wZXJhdGlvbnMvb3BlcmF0aW9uLTE3NTkxMTY2MzI2MjctNjNmZTg0MjAxOTk0Ni03ODUxNTMzYi02NTM2M2VmNA 200
[debug] [2025-09-29T03:30:37.101Z] <<< [apiv2][body] GET https://cloudfunctions.googleapis.com/v1/operations/cHJvamVjdHMvaW50cmFuZXQta2loYXAvbG9jYXRpb25zL3VzLWNlbnRyYWwxL29wZXJhdGlvbnMvb3BlcmF0aW9uLTE3NTkxMTY2MzI2MjctNjNmZTg0MjAxOTk0Ni03ODUxNTMzYi02NTM2M2VmNA {"name":"operations/cHJvamVjdHMvaW50cmFuZXQta2loYXAvbG9jYXRpb25zL3VzLWNlbnRyYWwxL29wZXJhdGlvbnMvb3BlcmF0aW9uLTE3NTkxMTY2MzI2MjctNjNmZTg0MjAxOTk0Ni03ODUxNTMzYi02NTM2M2VmNA","metadata":{"@type":"type.googleapis.com/google.cloud.functions.v1.OperationMetadataV1","target":"projects/intranet-kihap/locations/us-central1/functions/setUserRole","type":"CREATE_FUNCTION","request":{"@type":"type.googleapis.com/google.cloud.functions.v1.CloudFunction","name":"projects/intranet-kihap/locations/us-central1/functions/setUserRole","httpsTrigger":{"securityLevel":"SECURE_ALWAYS"},"entryPoint":"setUserRole","updateTime":"1970-01-01T00:00:00Z","labels":{"deployment-tool":"cli-firebase","deployment-callable":"true","firebase-functions-hash":"7f736d9dff06b61b857b53b8670be4d78725e7ac"},"sourceUploadUrl":"https://storage.googleapis.com/uploads-141319004885.us-central1.cloudfunctions.appspot.com/e7f77651-10eb-4194-aa41-6cfdac351a74.zip?GoogleAccessId=service-1055939458006@gcf-admin-robot.iam.gserviceaccount.com&Expires=1759118431&Signature=eh2HIbS5mYmimTviVwwqR%2BK%2FZvlXY1Tl2P7toHcmpEoW6xNzYh6nn5LXgliE1UU%2B4GCHcTEq2Kwow3Y64YCpDihNVOclrwBNJGhsPUEfOHQ7qTz7lKmCybIFESWJRWm55oU7j3UYIKPl8fdvyPexs0blGp45RBuopKKb%2B%2Fj22tvaom5uI939AsoTWwIwwPS7vgunui%2B12M%2BMtqmYD9YfJYcswJeLCsKS0EDzGFyrS2eI3Y1%2BiTDS4MWFdRSo%2B3z8tt%2FykM9kpCn1vyPV%2Btt23lE9rlI%2BvRLRIv2sc69Y962D%2FKRBPCg0XH%2BCeh9UNw0wZgsAEkLRgpQkhNCvS3f5NA%3D%3D","environmentVariables":{"FIREBASE_CONFIG":"{\"projectId\":\"intranet-kihap\",\"storageBucket\":\"intranet-kihap.firebasestorage.app\"}","GCLOUD_PROJECT":"intranet-kihap","EVENTARC_CLOUD_EVENT_SOURCE":"projects/intranet-kihap/locations/us-central1/functions/setUserRole"},"runtime":"nodejs18","buildEnvironmentVariables":{"GOOGLE_NODE_RUN_SCRIPTS":""},"dockerRegistry":"ARTIFACT_REGISTRY"},"versionId":"1","updateTime":"2025-09-29T03:30:34.006181374Z"}}
[debug] [2025-09-29T03:30:39.102Z] [create-default-us-central1-setUserRole] Retrying task index 0
[debug] [2025-09-29T03:30:39.103Z] Checked if tokens are valid: true, expires at: 1759120107663
[debug] [2025-09-29T03:30:39.103Z] Checked if tokens are valid: true, expires at: 1759120107663
[debug] [2025-09-29T03:30:39.103Z] >>> [apiv2][query] GET https://cloudfunctions.googleapis.com/v1/operations/cHJvamVjdHMvaW50cmFuZXQta2loYXAvbG9jYXRpb25zL3VzLWNlbnRyYWwxL29wZXJhdGlvbnMvb3BlcmF0aW9uLTE3NTkxMTY2MzI2MjctNjNmZTg0MjAxOTk0Ni03ODUxNTMzYi02NTM2M2VmNA [none]
[debug] [2025-09-29T03:30:39.645Z] <<< [apiv2][status] GET https://cloudfunctions.googleapis.com/v1/operations/cHJvamVjdHMvaW50cmFuZXQta2loYXAvbG9jYXRpb25zL3VzLWNlbnRyYWwxL29wZXJhdGlvbnMvb3BlcmF0aW9uLTE3NTkxMTY2MzI2MjctNjNmZTg0MjAxOTk0Ni03ODUxNTMzYi02NTM2M2VmNA 200
[debug] [2025-09-29T03:30:39.646Z] <<< [apiv2][body] GET https://cloudfunctions.googleapis.com/v1/operations/cHJvamVjdHMvaW50cmFuZXQta2loYXAvbG9jYXRpb25zL3VzLWNlbnRyYWwxL29wZXJhdGlvbnMvb3BlcmF0aW9uLTE3NTkxMTY2MzI2MjctNjNmZTg0MjAxOTk0Ni03ODUxNTMzYi02NTM2M2VmNA {"name":"operations/cHJvamVjdHMvaW50cmFuZXQta2loYXAvbG9jYXRpb25zL3VzLWNlbnRyYWwxL29wZXJhdGlvbnMvb3BlcmF0aW9uLTE3NTkxMTY2MzI2MjctNjNmZTg0MjAxOTk0Ni03ODUxNTMzYi02NTM2M2VmNA","metadata":{"@type":"type.googleapis.com/google.cloud.functions.v1.OperationMetadataV1","target":"projects/intranet-kihap/locations/us-central1/functions/setUserRole","type":"CREATE_FUNCTION","request":{"@type":"type.googleapis.com/google.cloud.functions.v1.CloudFunction","name":"projects/intranet-kihap/locations/us-central1/functions/setUserRole","httpsTrigger":{"securityLevel":"SECURE_ALWAYS"},"entryPoint":"setUserRole","updateTime":"1970-01-01T00:00:00Z","labels":{"deployment-tool":"cli-firebase","deployment-callable":"true","firebase-functions-hash":"7f736d9dff06b61b857b53b8670be4d78725e7ac"},"sourceUploadUrl":"https://storage.googleapis.com/uploads-141319004885.us-central1.cloudfunctions.appspot.com/e7f77651-10eb-4194-aa41-6cfdac351a74.zip?GoogleAccessId=service-1055939458006@gcf-admin-robot.iam.gserviceaccount.com&Expires=1759118431&Signature=eh2HIbS5mYmimTviVwwqR%2BK%2FZvlXY1Tl2P7toHcmpEoW6xNzYh6nn5LXgliE1UU%2B4GCHcTEq2Kwow3Y64YCpDihNVOclrwBNJGhsPUEfOHQ7qTz7lKmCybIFESWJRWm55oU7j3UYIKPl8fdvyPexs0blGp45RBuopKKb%2B%2Fj22tvaom5uI939AsoTWwIwwPS7vgunui%2B12M%2BMtqmYD9YfJYcswJeLCsKS0EDzGFyrS2eI3Y1%2BiTDS4MWFdRSo%2B3z8tt%2FykM9kpCn1vyPV%2Btt23lE9rlI%2BvRLRIv2sc69Y962D%2FKRBPCg0XH%2BCeh9UNw0wZgsAEkLRgpQkhNCvS3f5NA%3D%3D","environmentVariables":{"FIREBASE_CONFIG":"{\"projectId\":\"intranet-kihap\",\"storageBucket\":\"intranet-kihap.firebasestorage.app\"}","GCLOUD_PROJECT":"intranet-kihap","EVENTARC_CLOUD_EVENT_SOURCE":"projects/intranet-kihap/locations/us-central1/functions/setUserRole"},"runtime":"nodejs18","buildEnvironmentVariables":{"GOOGLE_NODE_RUN_SCRIPTS":""},"dockerRegistry":"ARTIFACT_REGISTRY"},"versionId":"1","updateTime":"2025-09-29T03:30:34.006181374Z"}}
[debug] [2025-09-29T03:30:43.646Z] [create-default-us-central1-setUserRole] Retrying task index 0
[debug] [2025-09-29T03:30:43.647Z] Checked if tokens are valid: true, expires at: 1759120107663
[debug] [2025-09-29T03:30:43.647Z] Checked if tokens are valid: true, expires at: 1759120107663
[debug] [2025-09-29T03:30:43.647Z] >>> [apiv2][query] GET https://cloudfunctions.googleapis.com/v1/operations/cHJvamVjdHMvaW50cmFuZXQta2loYXAvbG9jYXRpb25zL3VzLWNlbnRyYWwxL29wZXJhdGlvbnMvb3BlcmF0aW9uLTE3NTkxMTY2MzI2MjctNjNmZTg0MjAxOTk0Ni03ODUxNTMzYi02NTM2M2VmNA [none]
[debug] [2025-09-29T03:30:44.170Z] <<< [apiv2][status] GET https://cloudfunctions.googleapis.com/v1/operations/cHJvamVjdHMvaW50cmFuZXQta2loYXAvbG9jYXRpb25zL3VzLWNlbnRyYWwxL29wZXJhdGlvbnMvb3BlcmF0aW9uLTE3NTkxMTY2MzI2MjctNjNmZTg0MjAxOTk0Ni03ODUxNTMzYi02NTM2M2VmNA 200
[debug] [2025-09-29T03:30:44.170Z] <<< [apiv2][body] GET https://cloudfunctions.googleapis.com/v1/operations/cHJvamVjdHMvaW50cmFuZXQta2loYXAvbG9jYXRpb25zL3VzLWNlbnRyYWwxL29wZXJhdGlvbnMvb3BlcmF0aW9uLTE3NTkxMTY2MzI2MjctNjNmZTg0MjAxOTk0Ni03ODUxNTMzYi02NTM2M2VmNA {"name":"operations/cHJvamVjdHMvaW50cmFuZXQta2loYXAvbG9jYXRpb25zL3VzLWNlbnRyYWwxL29wZXJhdGlvbnMvb3BlcmF0aW9uLTE3NTkxMTY2MzI2MjctNjNmZTg0MjAxOTk0Ni03ODUxNTMzYi02NTM2M2VmNA","metadata":{"@type":"type.googleapis.com/google.cloud.functions.v1.OperationMetadataV1","target":"projects/intranet-kihap/locations/us-central1/functions/setUserRole","type":"CREATE_FUNCTION","request":{"@type":"type.googleapis.com/google.cloud.functions.v1.CloudFunction","name":"projects/intranet-kihap/locations/us-central1/functions/setUserRole","httpsTrigger":{"securityLevel":"SECURE_ALWAYS"},"entryPoint":"setUserRole","updateTime":"1970-01-01T00:00:00Z","labels":{"deployment-tool":"cli-firebase","deployment-callable":"true","firebase-functions-hash":"7f736d9dff06b61b857b53b8670be4d78725e7ac"},"sourceUploadUrl":"https://storage.googleapis.com/uploads-141319004885.us-central1.cloudfunctions.appspot.com/e7f77651-10eb-4194-aa41-6cfdac351a74.zip?GoogleAccessId=service-1055939458006@gcf-admin-robot.iam.gserviceaccount.com&Expires=1759118431&Signature=eh2HIbS5mYmimTviVwwqR%2BK%2FZvlXY1Tl2P7toHcmpEoW6xNzYh6nn5LXgliE1UU%2B4GCHcTEq2Kwow3Y64YCpDihNVOclrwBNJGhsPUEfOHQ7qTz7lKmCybIFESWJRWm55oU7j3UYIKPl8fdvyPexs0blGp45RBuopKKb%2B%2Fj22tvaom5uI939AsoTWwIwwPS7vgunui%2B12M%2BMtqmYD9YfJYcswJeLCsKS0EDzGFyrS2eI3Y1%2BiTDS4MWFdRSo%2B3z8tt%2FykM9kpCn1vyPV%2Btt23lE9rlI%2BvRLRIv2sc69Y962D%2FKRBPCg0XH%2BCeh9UNw0wZgsAEkLRgpQkhNCvS3f5NA%3D%3D","environmentVariables":{"FIREBASE_CONFIG":"{\"projectId\":\"intranet-kihap\",\"storageBucket\":\"intranet-kihap.firebasestorage.app\"}","GCLOUD_PROJECT":"intranet-kihap","EVENTARC_CLOUD_EVENT_SOURCE":"projects/intranet-kihap/locations/us-central1/functions/setUserRole"},"runtime":"nodejs18","buildEnvironmentVariables":{"GOOGLE_NODE_RUN_SCRIPTS":""},"dockerRegistry":"ARTIFACT_REGISTRY"},"versionId":"1","updateTime":"2025-09-29T03:30:34.006181374Z"}}
[debug] [2025-09-29T03:30:52.171Z] [create-default-us-central1-setUserRole] Retrying task index 0
[debug] [2025-09-29T03:30:52.171Z] Checked if tokens are valid: true, expires at: 1759120107663
[debug] [2025-09-29T03:30:52.172Z] Checked if tokens are valid: true, expires at: 1759120107663
[debug] [2025-09-29T03:30:52.172Z] >>> [apiv2][query] GET https://cloudfunctions.googleapis.com/v1/operations/cHJvamVjdHMvaW50cmFuZXQta2loYXAvbG9jYXRpb25zL3VzLWNlbnRyYWwxL29wZXJhdGlvbnMvb3BlcmF0aW9uLTE3NTkxMTY2MzI2MjctNjNmZTg0MjAxOTk0Ni03ODUxNTMzYi02NTM2M2VmNA [none]
[debug] [2025-09-29T03:30:52.758Z] <<< [apiv2][status] GET https://cloudfunctions.googleapis.com/v1/operations/cHJvamVjdHMvaW50cmFuZXQta2loYXAvbG9jYXRpb25zL3VzLWNlbnRyYWwxL29wZXJhdGlvbnMvb3BlcmF0aW9uLTE3NTkxMTY2MzI2MjctNjNmZTg0MjAxOTk0Ni03ODUxNTMzYi02NTM2M2VmNA 200
[debug] [2025-09-29T03:30:52.758Z] <<< [apiv2][body] GET https://cloudfunctions.googleapis.com/v1/operations/cHJvamVjdHMvaW50cmFuZXQta2loYXAvbG9jYXRpb25zL3VzLWNlbnRyYWwxL29wZXJhdGlvbnMvb3BlcmF0aW9uLTE3NTkxMTY2MzI2MjctNjNmZTg0MjAxOTk0Ni03ODUxNTMzYi02NTM2M2VmNA {"name":"operations/cHJvamVjdHMvaW50cmFuZXQta2loYXAvbG9jYXRpb25zL3VzLWNlbnRyYWwxL29wZXJhdGlvbnMvb3BlcmF0aW9uLTE3NTkxMTY2MzI2MjctNjNmZTg0MjAxOTk0Ni03ODUxNTMzYi02NTM2M2VmNA","metadata":{"@type":"type.googleapis.com/google.cloud.functions.v1.OperationMetadataV1","target":"projects/intranet-kihap/locations/us-central1/functions/setUserRole","type":"CREATE_FUNCTION","request":{"@type":"type.googleapis.com/google.cloud.functions.v1.CloudFunction","name":"projects/intranet-kihap/locations/us-central1/functions/setUserRole","httpsTrigger":{"securityLevel":"SECURE_ALWAYS"},"entryPoint":"setUserRole","updateTime":"1970-01-01T00:00:00Z","labels":{"deployment-tool":"cli-firebase","deployment-callable":"true","firebase-functions-hash":"7f736d9dff06b61b857b53b8670be4d78725e7ac"},"sourceUploadUrl":"https://storage.googleapis.com/uploads-141319004885.us-central1.cloudfunctions.appspot.com/e7f77651-10eb-4194-aa41-6cfdac351a74.zip?GoogleAccessId=service-1055939458006@gcf-admin-robot.iam.gserviceaccount.com&Expires=1759118431&Signature=eh2HIbS5mYmimTviVwwqR%2BK%2FZvlXY1Tl2P7toHcmpEoW6xNzYh6nn5LXgliE1UU%2B4GCHcTEq2Kwow3Y64YCpDihNVOclrwBNJGhsPUEfOHQ7qTz7lKmCybIFESWJRWm55oU7j3UYIKPl8fdvyPexs0blGp45RBuopKKb%2B%2Fj22tvaom5uI939AsoTWwIwwPS7vgunui%2B12M%2BMtqmYD9YfJYcswJeLCsKS0EDzGFyrS2eI3Y1%2BiTDS4MWFdRSo%2B3z8tt%2FykM9kpCn1vyPV%2Btt23lE9rlI%2BvRLRIv2sc69Y962D%2FKRBPCg0XH%2BCeh9UNw0wZgsAEkLRgpQkhNCvS3f5NA%3D%3D","environmentVariables":{"FIREBASE_CONFIG":"{\"projectId\":\"intranet-kihap\",\"storageBucket\":\"intranet-kihap.firebasestorage.app\"}","GCLOUD_PROJECT":"intranet-kihap","EVENTARC_CLOUD_EVENT_SOURCE":"projects/intranet-kihap/locations/us-central1/functions/setUserRole"},"runtime":"nodejs18","buildEnvironmentVariables":{"GOOGLE_NODE_RUN_SCRIPTS":""},"dockerRegistry":"ARTIFACT_REGISTRY"},"versionId":"1","updateTime":"2025-09-29T03:30:34.006181374Z"}}
[debug] [2025-09-29T03:31:02.759Z] [create-default-us-central1-setUserRole] Retrying task index 0
[debug] [2025-09-29T03:31:02.760Z] Checked if tokens are valid: true, expires at: 1759120107663
[debug] [2025-09-29T03:31:02.760Z] Checked if tokens are valid: true, expires at: 1759120107663
[debug] [2025-09-29T03:31:02.760Z] >>> [apiv2][query] GET https://cloudfunctions.googleapis.com/v1/operations/cHJvamVjdHMvaW50cmFuZXQta2loYXAvbG9jYXRpb25zL3VzLWNlbnRyYWwxL29wZXJhdGlvbnMvb3BlcmF0aW9uLTE3NTkxMTY2MzI2MjctNjNmZTg0MjAxOTk0Ni03ODUxNTMzYi02NTM2M2VmNA [none]
[debug] [2025-09-29T03:31:03.510Z] <<< [apiv2][status] GET https://cloudfunctions.googleapis.com/v1/operations/cHJvamVjdHMvaW50cmFuZXQta2loYXAvbG9jYXRpb25zL3VzLWNlbnRyYWwxL29wZXJhdGlvbnMvb3BlcmF0aW9uLTE3NTkxMTY2MzI2MjctNjNmZTg0MjAxOTk0Ni03ODUxNTMzYi02NTM2M2VmNA 200
[debug] [2025-09-29T03:31:03.511Z] <<< [apiv2][body] GET https://cloudfunctions.googleapis.com/v1/operations/cHJvamVjdHMvaW50cmFuZXQta2loYXAvbG9jYXRpb25zL3VzLWNlbnRyYWwxL29wZXJhdGlvbnMvb3BlcmF0aW9uLTE3NTkxMTY2MzI2MjctNjNmZTg0MjAxOTk0Ni03ODUxNTMzYi02NTM2M2VmNA {"name":"operations/cHJvamVjdHMvaW50cmFuZXQta2loYXAvbG9jYXRpb25zL3VzLWNlbnRyYWwxL29wZXJhdGlvbnMvb3BlcmF0aW9uLTE3NTkxMTY2MzI2MjctNjNmZTg0MjAxOTk0Ni03ODUxNTMzYi02NTM2M2VmNA","metadata":{"@type":"type.googleapis.com/google.cloud.functions.v1.OperationMetadataV1","target":"projects/intranet-kihap/locations/us-central1/functions/setUserRole","type":"CREATE_FUNCTION","request":{"@type":"type.googleapis.com/google.cloud.functions.v1.CloudFunction","name":"projects/intranet-kihap/locations/us-central1/functions/setUserRole","httpsTrigger":{"securityLevel":"SECURE_ALWAYS"},"entryPoint":"setUserRole","updateTime":"1970-01-01T00:00:00Z","labels":{"deployment-tool":"cli-firebase","deployment-callable":"true","firebase-functions-hash":"7f736d9dff06b61b857b53b8670be4d78725e7ac"},"sourceUploadUrl":"https://storage.googleapis.com/uploads-141319004885.us-central1.cloudfunctions.appspot.com/e7f77651-10eb-4194-aa41-6cfdac351a74.zip?GoogleAccessId=service-1055939458006@gcf-admin-robot.iam.gserviceaccount.com&Expires=1759118431&Signature=eh2HIbS5mYmimTviVwwqR%2BK%2FZvlXY1Tl2P7toHcmpEoW6xNzYh6nn5LXgliE1UU%2B4GCHcTEq2Kwow3Y64YCpDihNVOclrwBNJGhsPUEfOHQ7qTz7lKmCybIFESWJRWm55oU7j3UYIKPl8fdvyPexs0blGp45RBuopKKb%2B%2Fj22tvaom5uI939AsoTWwIwwPS7vgunui%2B12M%2BMtqmYD9YfJYcswJeLCsKS0EDzGFyrS2eI3Y1%2BiTDS4MWFdRSo%2B3z8tt%2FykM9kpCn1vyPV%2Btt23lE9rlI%2BvRLRIv2sc69Y962D%2FKRBPCg0XH%2BCeh9UNw0wZgsAEkLRgpQkhNCvS3f5NA%3D%3D","environmentVariables":{"FIREBASE_CONFIG":"{\"projectId\":\"intranet-kihap\",\"storageBucket\":\"intranet-kihap.firebasestorage.app\"}","GCLOUD_PROJECT":"intranet-kihap","EVENTARC_CLOUD_EVENT_SOURCE":"projects/intranet-kihap/locations/us-central1/functions/setUserRole"},"runtime":"nodejs18","buildEnvironmentVariables":{"GOOGLE_NODE_RUN_SCRIPTS":""},"dockerRegistry":"ARTIFACT_REGISTRY"},"versionId":"1","updateTime":"2025-09-29T03:30:34.006181374Z"}}
[debug] [2025-09-29T03:31:13.512Z] [create-default-us-central1-setUserRole] Retrying task index 0
[debug] [2025-09-29T03:31:13.513Z] Checked if tokens are valid: true, expires at: 1759120107663
[debug] [2025-09-29T03:31:13.513Z] Checked if tokens are valid: true, expires at: 1759120107663
[debug] [2025-09-29T03:31:13.513Z] >>> [apiv2][query] GET https://cloudfunctions.googleapis.com/v1/operations/cHJvamVjdHMvaW50cmFuZXQta2loYXAvbG9jYXRpb25zL3VzLWNlbnRyYWwxL29wZXJhdGlvbnMvb3BlcmF0aW9uLTE3NTkxMTY2MzI2MjctNjNmZTg0MjAxOTk0Ni03ODUxNTMzYi02NTM2M2VmNA [none]
[debug] [2025-09-29T03:31:14.059Z] <<< [apiv2][status] GET https://cloudfunctions.googleapis.com/v1/operations/cHJvamVjdHMvaW50cmFuZXQta2loYXAvbG9jYXRpb25zL3VzLWNlbnRyYWwxL29wZXJhdGlvbnMvb3BlcmF0aW9uLTE3NTkxMTY2MzI2MjctNjNmZTg0MjAxOTk0Ni03ODUxNTMzYi02NTM2M2VmNA 200
[debug] [2025-09-29T03:31:14.059Z] <<< [apiv2][body] GET https://cloudfunctions.googleapis.com/v1/operations/cHJvamVjdHMvaW50cmFuZXQta2loYXAvbG9jYXRpb25zL3VzLWNlbnRyYWwxL29wZXJhdGlvbnMvb3BlcmF0aW9uLTE3NTkxMTY2MzI2MjctNjNmZTg0MjAxOTk0Ni03ODUxNTMzYi02NTM2M2VmNA {"name":"operations/cHJvamVjdHMvaW50cmFuZXQta2loYXAvbG9jYXRpb25zL3VzLWNlbnRyYWwxL29wZXJhdGlvbnMvb3BlcmF0aW9uLTE3NTkxMTY2MzI2MjctNjNmZTg0MjAxOTk0Ni03ODUxNTMzYi02NTM2M2VmNA","metadata":{"@type":"type.googleapis.com/google.cloud.functions.v1.OperationMetadataV1","target":"projects/intranet-kihap/locations/us-central1/functions/setUserRole","type":"CREATE_FUNCTION","request":{"@type":"type.googleapis.com/google.cloud.functions.v1.CloudFunction","name":"projects/intranet-kihap/locations/us-central1/functions/setUserRole","httpsTrigger":{"securityLevel":"SECURE_ALWAYS"},"entryPoint":"setUserRole","updateTime":"1970-01-01T00:00:00Z","labels":{"deployment-tool":"cli-firebase","deployment-callable":"true","firebase-functions-hash":"7f736d9dff06b61b857b53b8670be4d78725e7ac"},"sourceUploadUrl":"https://storage.googleapis.com/uploads-141319004885.us-central1.cloudfunctions.appspot.com/e7f77651-10eb-4194-aa41-6cfdac351a74.zip?GoogleAccessId=service-1055939458006@gcf-admin-robot.iam.gserviceaccount.com&Expires=1759118431&Signature=eh2HIbS5mYmimTviVwwqR%2BK%2FZvlXY1Tl2P7toHcmpEoW6xNzYh6nn5LXgliE1UU%2B4GCHcTEq2Kwow3Y64YCpDihNVOclrwBNJGhsPUEfOHQ7qTz7lKmCybIFESWJRWm55oU7j3UYIKPl8fdvyPexs0blGp45RBuopKKb%2B%2Fj22tvaom5uI939AsoTWwIwwPS7vgunui%2B12M%2BMtqmYD9YfJYcswJeLCsKS0EDzGFyrS2eI3Y1%2BiTDS4MWFdRSo%2B3z8tt%2FykM9kpCn1vyPV%2Btt23lE9rlI%2BvRLRIv2sc69Y962D%2FKRBPCg0XH%2BCeh9UNw0wZgsAEkLRgpQkhNCvS3f5NA%3D%3D","environmentVariables":{"FIREBASE_CONFIG":"{\"projectId\":\"intranet-kihap\",\"storageBucket\":\"intranet-kihap.firebasestorage.app\"}","GCLOUD_PROJECT":"intranet-kihap","EVENTARC_CLOUD_EVENT_SOURCE":"projects/intranet-kihap/locations/us-central1/functions/setUserRole"},"runtime":"nodejs18","buildEnvironmentVariables":{"GOOGLE_NODE_RUN_SCRIPTS":""},"dockerRegistry":"ARTIFACT_REGISTRY"},"versionId":"1","updateTime":"2025-09-29T03:30:34.006181374Z"}}
[debug] [2025-09-29T03:31:24.060Z] [create-default-us-central1-setUserRole] Retrying task index 0
[debug] [2025-09-29T03:31:24.060Z] Checked if tokens are valid: true, expires at: 1759120107663
[debug] [2025-09-29T03:31:24.061Z] Checked if tokens are valid: true, expires at: 1759120107663
[debug] [2025-09-29T03:31:24.061Z] >>> [apiv2][query] GET https://cloudfunctions.googleapis.com/v1/operations/cHJvamVjdHMvaW50cmFuZXQta2loYXAvbG9jYXRpb25zL3VzLWNlbnRyYWwxL29wZXJhdGlvbnMvb3BlcmF0aW9uLTE3NTkxMTY2MzI2MjctNjNmZTg0MjAxOTk0Ni03ODUxNTMzYi02NTM2M2VmNA [none]
[debug] [2025-09-29T03:31:24.810Z] <<< [apiv2][status] GET https://cloudfunctions.googleapis.com/v1/operations/cHJvamVjdHMvaW50cmFuZXQta2loYXAvbG9jYXRpb25zL3VzLWNlbnRyYWwxL29wZXJhdGlvbnMvb3BlcmF0aW9uLTE3NTkxMTY2MzI2MjctNjNmZTg0MjAxOTk0Ni03ODUxNTMzYi02NTM2M2VmNA 200
[debug] [2025-09-29T03:31:24.811Z] <<< [apiv2][body] GET https://cloudfunctions.googleapis.com/v1/operations/cHJvamVjdHMvaW50cmFuZXQta2loYXAvbG9jYXRpb25zL3VzLWNlbnRyYWwxL29wZXJhdGlvbnMvb3BlcmF0aW9uLTE3NTkxMTY2MzI2MjctNjNmZTg0MjAxOTk0Ni03ODUxNTMzYi02NTM2M2VmNA {"name":"operations/cHJvamVjdHMvaW50cmFuZXQta2loYXAvbG9jYXRpb25zL3VzLWNlbnRyYWwxL29wZXJhdGlvbnMvb3BlcmF0aW9uLTE3NTkxMTY2MzI2MjctNjNmZTg0MjAxOTk0Ni03ODUxNTMzYi02NTM2M2VmNA","metadata":{"@type":"type.googleapis.com/google.cloud.functions.v1.OperationMetadataV1","target":"projects/intranet-kihap/locations/us-central1/functions/setUserRole","type":"CREATE_FUNCTION","request":{"@type":"type.googleapis.com/google.cloud.functions.v1.CloudFunction","name":"projects/intranet-kihap/locations/us-central1/functions/setUserRole","httpsTrigger":{"securityLevel":"SECURE_ALWAYS"},"entryPoint":"setUserRole","updateTime":"1970-01-01T00:00:00Z","labels":{"deployment-tool":"cli-firebase","deployment-callable":"true","firebase-functions-hash":"7f736d9dff06b61b857b53b8670be4d78725e7ac"},"sourceUploadUrl":"https://storage.googleapis.com/uploads-141319004885.us-central1.cloudfunctions.appspot.com/e7f77651-10eb-4194-aa41-6cfdac351a74.zip?GoogleAccessId=service-1055939458006@gcf-admin-robot.iam.gserviceaccount.com&Expires=1759118431&Signature=eh2HIbS5mYmimTviVwwqR%2BK%2FZvlXY1Tl2P7toHcmpEoW6xNzYh6nn5LXgliE1UU%2B4GCHcTEq2Kwow3Y64YCpDihNVOclrwBNJGhsPUEfOHQ7qTz7lKmCybIFESWJRWm55oU7j3UYIKPl8fdvyPexs0blGp45RBuopKKb%2B%2Fj22tvaom5uI939AsoTWwIwwPS7vgunui%2B12M%2BMtqmYD9YfJYcswJeLCsKS0EDzGFyrS2eI3Y1%2BiTDS4MWFdRSo%2B3z8tt%2FykM9kpCn1vyPV%2Btt23lE9rlI%2BvRLRIv2sc69Y962D%2FKRBPCg0XH%2BCeh9UNw0wZgsAEkLRgpQkhNCvS3f5NA%3D%3D","environmentVariables":{"FIREBASE_CONFIG":"{\"projectId\":\"intranet-kihap\",\"storageBucket\":\"intranet-kihap.firebasestorage.app\"}","GCLOUD_PROJECT":"intranet-kihap","EVENTARC_CLOUD_EVENT_SOURCE":"projects/intranet-kihap/locations/us-central1/functions/setUserRole"},"runtime":"nodejs18","buildEnvironmentVariables":{"GOOGLE_NODE_RUN_SCRIPTS":""},"dockerRegistry":"ARTIFACT_REGISTRY"},"versionId":"1","updateTime":"2025-09-29T03:31:19.957158092Z"},"done":true,"error":{"code":7,"message":"Gen1 operation for function projects/intranet-kihap/locations/us-central1/functions/setUserRole failed: Build failed: com.google.net.rpc3.client.RpcClientException: <eye3 title='/ArgoAdminNoCloudAudit.CreateBuild, PERMISSION_DENIED'/> APPLICATION_ERROR;google.devtools.cloudbuild.v1/ArgoAdminNoCloudAudit.CreateBuild;projects/-/serviceAccounts/107209469791028291524 can not be accessed by IAM. Please ensure it exists. If this is a new resource or recently had IAM changes, please retry in accordance with https://cloud.google.com/iam/docs/access-change-propagation.;AppErrorCode=7;StartTimeMs=1759116649043;unknown;ResFormat=uncompressed;ServerTimeSec=30.523989561;LogBytes=256;Non-FailFast;EndUserCredsRequested;EffSecLevel=privacy_and_integrity;ReqFormat=uncompressed;ReqID=aa96c328b0938a34;GlobalID=0;Server=[2002:a05:6e38:49c9:b0:5:a95b:c059]:4001."}}
[debug] [2025-09-29T03:31:24.811Z] Got source token undefined for region us-central1
[error] Gen1 operation for function projects/intranet-kihap/locations/us-central1/functions/setUserRole failed: Build failed: com.google.net.rpc3.client.RpcClientException: <eye3 title='/ArgoAdminNoCloudAudit.CreateBuild, PERMISSION_DENIED'/> APPLICATION_ERROR;google.devtools.cloudbuild.v1/ArgoAdminNoCloudAudit.CreateBuild;projects/-/serviceAccounts/107209469791028291524 can not be accessed by IAM. Please ensure it exists. If this is a new resource or recently had IAM changes, please retry in accordance with https://cloud.google.com/iam/docs/access-change-propagation.;AppErrorCode=7;StartTimeMs=1759116649043;unknown;ResFormat=uncompressed;ServerTimeSec=30.523989561;LogBytes=256;Non-FailFast;EndUserCredsRequested;EffSecLevel=privacy_and_integrity;ReqFormat=uncompressed;ReqID=aa96c328b0938a34;GlobalID=0;Server=[2002:a05:6e38:49c9:b0:5:a95b:c059]:4001.
[debug] [2025-09-29T03:31:24.818Z] Total Function Deployment time: 53045
[debug] [2025-09-29T03:31:24.818Z] 1 Functions Deployed
[debug] [2025-09-29T03:31:24.818Z] 1 Functions Errored
[debug] [2025-09-29T03:31:24.818Z] 0 Function Deployments Aborted
[debug] [2025-09-29T03:31:24.818Z] Average Function Deployment time: 53044
[info] 
[info] Functions deploy had errors with the following functions:
	setUserRole(us-central1)
[debug] [2025-09-29T03:31:24.982Z] Checked if tokens are valid: true, expires at: 1759120107663
[debug] [2025-09-29T03:31:24.982Z] Checked if tokens are valid: true, expires at: 1759120107663
[debug] [2025-09-29T03:31:24.982Z] >>> [apiv2][query] GET https://artifactregistry.googleapis.com/v1/projects/intranet-kihap/locations/us-central1/repositories/gcf-artifacts [none]
[debug] [2025-09-29T03:31:26.243Z] <<< [apiv2][status] GET https://artifactregistry.googleapis.com/v1/projects/intranet-kihap/locations/us-central1/repositories/gcf-artifacts 200
[debug] [2025-09-29T03:31:26.243Z] <<< [apiv2][body] GET https://artifactregistry.googleapis.com/v1/projects/intranet-kihap/locations/us-central1/repositories/gcf-artifacts {"name":"projects/intranet-kihap/locations/us-central1/repositories/gcf-artifacts","format":"DOCKER","description":"This repository is created and used by Cloud Functions for storing function docker images.","labels":{"goog-managed-by":"cloudfunctions"},"createTime":"2025-09-29T03:30:48.412488Z","updateTime":"2025-09-29T03:30:48.412488Z","mode":"STANDARD_REPOSITORY","vulnerabilityScanningConfig":{"lastEnableTime":"2025-09-29T03:30:37.174108219Z","enablementState":"SCANNING_DISABLED","enablementStateReason":"API containerscanning.googleapis.com is not enabled."},"satisfiesPzi":true,"registryUri":"us-central1-docker.pkg.dev/intranet-kihap/gcf-artifacts"}
[warn] ⚠  functions: No cleanup policy detected for repositories in us-central1. This may result in a small monthly bill as container images accumulate over time. 
[info] i  functions: Configuring cleanup policy for repository in us-central1. Images older than 1 days will be automatically deleted. 
[debug] [2025-09-29T03:32:02.075Z] Setting up artifact cleanup policy for region us-central1
[debug] [2025-09-29T03:32:02.076Z] Checked if tokens are valid: true, expires at: 1759120107663
[debug] [2025-09-29T03:32:02.076Z] Checked if tokens are valid: true, expires at: 1759120107663
[debug] [2025-09-29T03:32:02.076Z] >>> [apiv2][query] PATCH https://artifactregistry.googleapis.com/v1/projects/intranet-kihap/locations/us-central1/repositories/gcf-artifacts updateMask=name%2CcleanupPolicies%2CcleanupPolicyDryRun%2Clabels
[debug] [2025-09-29T03:32:02.076Z] >>> [apiv2][body] PATCH https://artifactregistry.googleapis.com/v1/projects/intranet-kihap/locations/us-central1/repositories/gcf-artifacts {"name":"projects/intranet-kihap/locations/us-central1/repositories/gcf-artifacts","cleanupPolicies":{"firebase-functions-cleanup":{"id":"firebase-functions-cleanup","condition":{"tagState":"ANY","olderThan":"86400s"},"action":"DELETE"}},"cleanupPolicyDryRun":false,"labels":{"goog-managed-by":"cloudfunctions"}}
[debug] [2025-09-29T03:32:03.209Z] <<< [apiv2][status] PATCH https://artifactregistry.googleapis.com/v1/projects/intranet-kihap/locations/us-central1/repositories/gcf-artifacts 200
[debug] [2025-09-29T03:32:03.209Z] <<< [apiv2][body] PATCH https://artifactregistry.googleapis.com/v1/projects/intranet-kihap/locations/us-central1/repositories/gcf-artifacts {"name":"projects/intranet-kihap/locations/us-central1/repositories/gcf-artifacts","format":"DOCKER","description":"This repository is created and used by Cloud Functions for storing function docker images.","labels":{"goog-managed-by":"cloudfunctions"},"createTime":"2025-09-29T03:30:48.412488Z","updateTime":"2025-09-29T03:32:03.371428Z","mode":"STANDARD_REPOSITORY","cleanupPolicies":{"firebase-functions-cleanup":{"id":"firebase-functions-cleanup","action":"DELETE","condition":{"tagState":"ANY","olderThan":"86400s"}}},"vulnerabilityScanningConfig":{"lastEnableTime":"2025-09-29T03:30:37.174108219Z","enablementState":"SCANNING_DISABLED","enablementStateReason":"API containerscanning.googleapis.com is not enabled."},"satisfiesPzi":true}
[info] i  functions: Configured cleanup policy for repository in us-central1. 
[debug] [2025-09-29T03:32:03.209Z] Functions deploy failed.
[debug] [2025-09-29T03:32:03.209Z] {
  "endpoint": {
    "id": "setUserRole",
    "project": "intranet-kihap",
    "region": "us-central1",
    "entryPoint": "setUserRole",
    "platform": "gcfv1",
    "runtime": "nodejs18",
    "callableTrigger": {},
    "labels": {
      "deployment-tool": "cli-firebase"
    },
    "serviceAccount": null,
    "ingressSettings": null,
    "availableMemoryMb": null,
    "timeoutSeconds": null,
    "maxInstances": null,
    "minInstances": null,
    "vpc": null,
    "environmentVariables": {
      "FIREBASE_CONFIG": "{\"projectId\":\"intranet-kihap\",\"storageBucket\":\"intranet-kihap.firebasestorage.app\"}",
      "GCLOUD_PROJECT": "intranet-kihap",
      "EVENTARC_CLOUD_EVENT_SOURCE": "projects/intranet-kihap/locations/us-central1/functions/setUserRole"
    },
    "codebase": "default",
    "targetedByOnly": false,
    "hash": "7f736d9dff06b61b857b53b8670be4d78725e7ac"
  },
  "op": "create",
  "original": {
    "name": "FirebaseError",
    "children": [],
    "exit": 1,
    "message": "Gen1 operation for function projects/intranet-kihap/locations/us-central1/functions/setUserRole failed: Build failed: com.google.net.rpc3.client.RpcClientException: <eye3 title='/ArgoAdminNoCloudAudit.CreateBuild, PERMISSION_DENIED'/> APPLICATION_ERROR;google.devtools.cloudbuild.v1/ArgoAdminNoCloudAudit.CreateBuild;projects/-/serviceAccounts/107209469791028291524 can not be accessed by IAM. Please ensure it exists. If this is a new resource or recently had IAM changes, please retry in accordance with https://cloud.google.com/iam/docs/access-change-propagation.;AppErrorCode=7;StartTimeMs=1759116649043;unknown;ResFormat=uncompressed;ServerTimeSec=30.523989561;LogBytes=256;Non-FailFast;EndUserCredsRequested;EffSecLevel=privacy_and_integrity;ReqFormat=uncompressed;ReqID=aa96c328b0938a34;GlobalID=0;Server=[2002:a05:6e38:49c9:b0:5:a95b:c059]:4001.",
    "original": {
      "code": 7,
      "message": "Gen1 operation for function projects/intranet-kihap/locations/us-central1/functions/setUserRole failed: Build failed: com.google.net.rpc3.client.RpcClientException: <eye3 title='/ArgoAdminNoCloudAudit.CreateBuild, PERMISSION_DENIED'/> APPLICATION_ERROR;google.devtools.cloudbuild.v1/ArgoAdminNoCloudAudit.CreateBuild;projects/-/serviceAccounts/107209469791028291524 can not be accessed by IAM. Please ensure it exists. If this is a new resource or recently had IAM changes, please retry in accordance with https://cloud.google.com/iam/docs/access-change-propagation.;AppErrorCode=7;StartTimeMs=1759116649043;unknown;ResFormat=uncompressed;ServerTimeSec=30.523989561;LogBytes=256;Non-FailFast;EndUserCredsRequested;EffSecLevel=privacy_and_integrity;ReqFormat=uncompressed;ReqID=aa96c328b0938a34;GlobalID=0;Server=[2002:a05:6e38:49c9:b0:5:a95b:c059]:4001."
    },
    "status": 7,
    "code": 7
  }
}
[debug] [2025-09-29T03:32:03.366Z] Error: Failed to create function setUserRole in region us-central1
    at /Users/goedert/.nvm/versions/node/v22.19.0/lib/node_modules/firebase-tools/lib/deploy/functions/release/fabricator.js:52:11
    at process.processTicksAndRejections (node:internal/process/task_queues:105:5)
    at async Fabricator.createV1Function (/Users/goedert/.nvm/versions/node/v22.19.0/lib/node_modules/firebase-tools/lib/deploy/functions/release/fabricator.js:194:32)
    at async Fabricator.createEndpoint (/Users/goedert/.nvm/versions/node/v22.19.0/lib/node_modules/firebase-tools/lib/deploy/functions/release/fabricator.js:134:13)
    at async handle (/Users/goedert/.nvm/versions/node/v22.19.0/lib/node_modules/firebase-tools/lib/deploy/functions/release/fabricator.js:89:17)
[error] 
[error] Error: There was an error deploying functions
[debug] [2025-09-29T03:32:17.226Z] ----------------------------------------------------------------------
[debug] [2025-09-29T03:32:17.230Z] Command:       /Users/goedert/.nvm/versions/node/v22.19.0/bin/node /Users/goedert/.nvm/versions/node/v22.19.0/bin/firebase deploy --only functions
[debug] [2025-09-29T03:32:17.231Z] CLI Version:   14.17.0
[debug] [2025-09-29T03:32:17.231Z] Platform:      darwin
[debug] [2025-09-29T03:32:17.231Z] Node Version:  v22.19.0
[debug] [2025-09-29T03:32:17.231Z] Time:          Mon Sep 29 2025 00:32:17 GMT-0300 (Horário Padrão de Brasília)
[debug] [2025-09-29T03:32:17.231Z] ----------------------------------------------------------------------
[debug] 
[debug] [2025-09-29T03:32:17.444Z] > command requires scopes: ["email","openid","https://www.googleapis.com/auth/cloudplatformprojects.readonly","https://www.googleapis.com/auth/firebase","https://www.googleapis.com/auth/cloud-platform"]
[debug] [2025-09-29T03:32:17.445Z] > authorizing via signed-in user (comercial@kihap.com.br)
[debug] [2025-09-29T03:32:17.445Z] [iam] checking project intranet-kihap for permissions ["cloudfunctions.functions.create","cloudfunctions.functions.delete","cloudfunctions.functions.get","cloudfunctions.functions.list","cloudfunctions.functions.update","cloudfunctions.operations.get","firebase.projects.get"]
[debug] [2025-09-29T03:32:17.446Z] Checked if tokens are valid: true, expires at: 1759120107663
[debug] [2025-09-29T03:32:17.446Z] Checked if tokens are valid: true, expires at: 1759120107663
[debug] [2025-09-29T03:32:17.447Z] >>> [apiv2][query] POST https://cloudresourcemanager.googleapis.com/v1/projects/intranet-kihap:testIamPermissions [none]
[debug] [2025-09-29T03:32:17.447Z] >>> [apiv2][(partial)header] POST https://cloudresourcemanager.googleapis.com/v1/projects/intranet-kihap:testIamPermissions x-goog-quota-user=projects/intranet-kihap
[debug] [2025-09-29T03:32:17.447Z] >>> [apiv2][body] POST https://cloudresourcemanager.googleapis.com/v1/projects/intranet-kihap:testIamPermissions {"permissions":["cloudfunctions.functions.create","cloudfunctions.functions.delete","cloudfunctions.functions.get","cloudfunctions.functions.list","cloudfunctions.functions.update","cloudfunctions.operations.get","firebase.projects.get"]}
[debug] [2025-09-29T03:32:18.367Z] <<< [apiv2][status] POST https://cloudresourcemanager.googleapis.com/v1/projects/intranet-kihap:testIamPermissions 200
[debug] [2025-09-29T03:32:18.367Z] <<< [apiv2][body] POST https://cloudresourcemanager.googleapis.com/v1/projects/intranet-kihap:testIamPermissions {"permissions":["cloudfunctions.functions.create","cloudfunctions.functions.delete","cloudfunctions.functions.get","cloudfunctions.functions.list","cloudfunctions.functions.update","cloudfunctions.operations.get","firebase.projects.get"]}
[debug] [2025-09-29T03:32:18.368Z] Checked if tokens are valid: true, expires at: 1759120107663
[debug] [2025-09-29T03:32:18.368Z] Checked if tokens are valid: true, expires at: 1759120107663
[debug] [2025-09-29T03:32:18.368Z] >>> [apiv2][query] POST https://iam.googleapis.com/v1/projects/intranet-kihap/serviceAccounts/intranet-kihap@appspot.gserviceaccount.com:testIamPermissions [none]
[debug] [2025-09-29T03:32:18.368Z] >>> [apiv2][body] POST https://iam.googleapis.com/v1/projects/intranet-kihap/serviceAccounts/intranet-kihap@appspot.gserviceaccount.com:testIamPermissions {"permissions":["iam.serviceAccounts.actAs"]}
[debug] [2025-09-29T03:32:19.240Z] <<< [apiv2][status] POST https://iam.googleapis.com/v1/projects/intranet-kihap/serviceAccounts/intranet-kihap@appspot.gserviceaccount.com:testIamPermissions 200
[debug] [2025-09-29T03:32:19.241Z] <<< [apiv2][body] POST https://iam.googleapis.com/v1/projects/intranet-kihap/serviceAccounts/intranet-kihap@appspot.gserviceaccount.com:testIamPermissions {"permissions":["iam.serviceAccounts.actAs"]}
[info] 
[info] === Deploying to 'intranet-kihap'...
[info] 
[info] i  deploying functions 
[debug] [2025-09-29T03:32:19.244Z] Checked if tokens are valid: true, expires at: 1759120107663
[debug] [2025-09-29T03:32:19.244Z] Checked if tokens are valid: true, expires at: 1759120107663
[debug] [2025-09-29T03:32:19.245Z] >>> [apiv2][query] GET https://cloudresourcemanager.googleapis.com/v1/projects/intranet-kihap [none]
[debug] [2025-09-29T03:32:19.528Z] <<< [apiv2][status] GET https://cloudresourcemanager.googleapis.com/v1/projects/intranet-kihap 200
[debug] [2025-09-29T03:32:19.528Z] <<< [apiv2][body] GET https://cloudresourcemanager.googleapis.com/v1/projects/intranet-kihap {"projectNumber":"1055939458006","projectId":"intranet-kihap","lifecycleState":"ACTIVE","name":"Intranet-kihap","labels":{"firebase":"enabled","firebase-core":"disabled","generative-language":"enabled"},"createTime":"2025-08-24T21:36:32.438489Z","parent":{"type":"organization","id":"97020421655"}}
[info] i  functions: preparing codebase default for deployment 
[info] i  functions: ensuring required API cloudfunctions.googleapis.com is enabled... 
[info] i  functions: ensuring required API cloudbuild.googleapis.com is enabled... 
[info] i  artifactregistry: ensuring required API artifactregistry.googleapis.com is enabled... 
[debug] [2025-09-29T03:32:19.530Z] Checked if tokens are valid: true, expires at: 1759120107663
[debug] [2025-09-29T03:32:19.531Z] Checked if tokens are valid: true, expires at: 1759120107663
[debug] [2025-09-29T03:32:19.531Z] >>> [apiv2][query] GET https://firebase.googleapis.com/v1beta1/projects/intranet-kihap/adminSdkConfig [none]
[debug] [2025-09-29T03:32:19.959Z] <<< [apiv2][status] GET https://firebase.googleapis.com/v1beta1/projects/intranet-kihap/adminSdkConfig 200
[debug] [2025-09-29T03:32:19.959Z] <<< [apiv2][body] GET https://firebase.googleapis.com/v1beta1/projects/intranet-kihap/adminSdkConfig {"projectId":"intranet-kihap","storageBucket":"intranet-kihap.firebasestorage.app"}
[debug] [2025-09-29T03:32:19.960Z] Checked if tokens are valid: true, expires at: 1759120107663
[debug] [2025-09-29T03:32:19.960Z] Checked if tokens are valid: true, expires at: 1759120107663
[debug] [2025-09-29T03:32:19.960Z] >>> [apiv2][query] GET https://runtimeconfig.googleapis.com/v1beta1/projects/intranet-kihap/configs [none]
[debug] [2025-09-29T03:32:21.074Z] <<< [apiv2][status] GET https://runtimeconfig.googleapis.com/v1beta1/projects/intranet-kihap/configs 200
[debug] [2025-09-29T03:32:21.074Z] <<< [apiv2][body] GET https://runtimeconfig.googleapis.com/v1beta1/projects/intranet-kihap/configs {}
[debug] [2025-09-29T03:32:21.075Z] Validating nodejs source
[warn] ⚠  functions: Runtime Node.js 18 was deprecated on 2025-04-30 and will be decommissioned on 2025-10-30, after which you will not be able to deploy without upgrading. Consider upgrading now to avoid disruption. See https://cloud.google.com/functions/docs/runtime-support for full details on the lifecycle policy 
[warn] ⚠  functions: package.json indicates an outdated version of firebase-functions. Please upgrade using npm install --save firebase-functions@latest in your functions directory. 
[warn] ⚠  functions: Please note that there will be breaking changes when you upgrade. 
[debug] [2025-09-29T03:32:21.774Z] > [functions] package.json contents: {
  "name": "functions",
  "description": "Cloud Functions for Firebase",
  "scripts": {
    "serve": "firebase emulators:start --only functions",
    "shell": "firebase functions:shell",
    "start": "npm run shell",
    "deploy": "firebase deploy --only functions",
    "logs": "firebase functions:log"
  },
  "engines": {
    "node": "18"
  },
  "main": "index.js",
  "dependencies": {
    "firebase-admin": "^11.8.0",
    "firebase-functions": "^4.3.1"
  },
  "devDependencies": {
    "firebase-functions-test": "^3.1.0"
  },
  "private": true
}
[debug] [2025-09-29T03:32:21.774Z] Building nodejs source
[info] i  functions: Loading and analyzing source code for codebase default to determine what to deploy 
[info] i  functions: You are using a version of firebase-functions SDK (4.9.0) that does not have support for the newest Firebase Extensions features. Please update firebase-functions SDK to >=5.1.0 to use them correctly 
[debug] [2025-09-29T03:32:21.775Z] Could not find functions.yaml. Must use http discovery
[debug] [2025-09-29T03:32:21.790Z] Found firebase-functions binary at '/Users/goedert/Documents/GITHUB/KIHAP/novokihap/functions/node_modules/.bin/firebase-functions'
[info] Serving at port 8332

[debug] [2025-09-29T03:32:22.205Z] Got response from /__/functions.yaml {"endpoints":{"setUserRole":{"platform":"gcfv1","labels":{},"availableMemoryMb":null,"timeoutSeconds":null,"minInstances":null,"maxInstances":null,"ingressSettings":null,"serviceAccountEmail":null,"vpc":null,"callableTrigger":{},"entryPoint":"setUserRole"}},"specVersion":"v1alpha1","requiredAPIs":[]}
[info] i  functions: preparing functions directory for uploading... 
[info] i  functions: packaged /Users/goedert/Documents/GITHUB/KIHAP/novokihap/functions (74.13 KB) for uploading 
[debug] [2025-09-29T03:32:26.274Z] Checked if tokens are valid: true, expires at: 1759120107663
[debug] [2025-09-29T03:32:26.274Z] Checked if tokens are valid: true, expires at: 1759120107663
[debug] [2025-09-29T03:32:26.274Z] >>> [apiv2][query] GET https://cloudfunctions.googleapis.com/v1/projects/intranet-kihap/locations/-/functions [none]
[debug] [2025-09-29T03:32:27.378Z] <<< [apiv2][status] GET https://cloudfunctions.googleapis.com/v1/projects/intranet-kihap/locations/-/functions 200
[debug] [2025-09-29T03:32:27.379Z] <<< [apiv2][body] GET https://cloudfunctions.googleapis.com/v1/projects/intranet-kihap/locations/-/functions {"functions":[{"name":"projects/intranet-kihap/locations/us-central1/functions/setUserRole","httpsTrigger":{"url":"https://us-central1-intranet-kihap.cloudfunctions.net/setUserRole","securityLevel":"SECURE_ALWAYS"},"status":"OFFLINE","entryPoint":"setUserRole","timeout":"60s","availableMemoryMb":256,"serviceAccountEmail":"intranet-kihap@appspot.gserviceaccount.com","updateTime":"2025-09-29T03:31:19.970591812Z","versionId":"1","labels":{"deployment-tool":"cli-firebase","deployment-callable":"true","firebase-functions-hash":"7f736d9dff06b61b857b53b8670be4d78725e7ac"},"sourceUploadUrl":"https://storage.googleapis.com/uploads-141319004885.us-central1.cloudfunctions.appspot.com/e7f77651-10eb-4194-aa41-6cfdac351a74.zip","environmentVariables":{"FIREBASE_CONFIG":"{\"projectId\":\"intranet-kihap\",\"storageBucket\":\"intranet-kihap.firebasestorage.app\"}","GCLOUD_PROJECT":"intranet-kihap","EVENTARC_CLOUD_EVENT_SOURCE":"projects/intranet-kihap/locations/us-central1/functions/setUserRole"},"runtime":"nodejs18","ingressSettings":"ALLOW_ALL","buildEnvironmentVariables":{"GOOGLE_NODE_RUN_SCRIPTS":""},"dockerRegistry":"ARTIFACT_REGISTRY","automaticUpdatePolicy":{},"buildServiceAccount":"projects/intranet-kihap/serviceAccounts/1055939458006-compute@developer.gserviceaccount.com","satisfiesPzi":true}]}
[debug] [2025-09-29T03:32:27.380Z] Checked if tokens are valid: true, expires at: 1759120107663
[debug] [2025-09-29T03:32:27.380Z] Checked if tokens are valid: true, expires at: 1759120107663
[debug] [2025-09-29T03:32:27.380Z] >>> [apiv2][query] GET https://cloudfunctions.googleapis.com/v2/projects/intranet-kihap/locations/-/functions filter=environment%3D%22GEN_2%22
[debug] [2025-09-29T03:32:28.599Z] <<< [apiv2][status] GET https://cloudfunctions.googleapis.com/v2/projects/intranet-kihap/locations/-/functions 200
[debug] [2025-09-29T03:32:28.599Z] <<< [apiv2][body] GET https://cloudfunctions.googleapis.com/v2/projects/intranet-kihap/locations/-/functions {}
[debug] [2025-09-29T03:32:28.604Z] Checked if tokens are valid: true, expires at: 1759120107663
[debug] [2025-09-29T03:32:28.605Z] Checked if tokens are valid: true, expires at: 1759120107663
[debug] [2025-09-29T03:32:28.605Z] >>> [apiv2][query] GET https://cloudresourcemanager.googleapis.com/v1/projects/intranet-kihap [none]
[debug] [2025-09-29T03:32:29.527Z] <<< [apiv2][status] GET https://cloudresourcemanager.googleapis.com/v1/projects/intranet-kihap 200
[debug] [2025-09-29T03:32:29.527Z] <<< [apiv2][body] GET https://cloudresourcemanager.googleapis.com/v1/projects/intranet-kihap {"projectNumber":"1055939458006","projectId":"intranet-kihap","lifecycleState":"ACTIVE","name":"Intranet-kihap","labels":{"firebase":"enabled","firebase-core":"disabled","generative-language":"enabled"},"createTime":"2025-08-24T21:36:32.438489Z","parent":{"type":"organization","id":"97020421655"}}
[info] i  functions: updating Node.js 18 (1st Gen) function setUserRole(us-central1)... 
[debug] [2025-09-29T03:32:29.531Z] Precondition failed. Cannot update a GCF function without sourceUrl
[debug] [2025-09-29T03:32:29.537Z] Total Function Deployment time: 1
[debug] [2025-09-29T03:32:29.537Z] 1 Functions Deployed
[debug] [2025-09-29T03:32:29.537Z] 1 Functions Errored
[debug] [2025-09-29T03:32:29.537Z] 0 Function Deployments Aborted
[debug] [2025-09-29T03:32:29.538Z] Average Function Deployment time: 0
[info] 
[info] Functions deploy had errors with the following functions:
	setUserRole(us-central1)
[debug] [2025-09-29T03:32:29.710Z] Checked if tokens are valid: true, expires at: 1759120107663
[debug] [2025-09-29T03:32:29.710Z] Checked if tokens are valid: true, expires at: 1759120107663
[debug] [2025-09-29T03:32:29.710Z] >>> [apiv2][query] GET https://artifactregistry.googleapis.com/v1/projects/intranet-kihap/locations/us-central1/repositories/gcf-artifacts [none]
[debug] [2025-09-29T03:32:30.781Z] <<< [apiv2][status] GET https://artifactregistry.googleapis.com/v1/projects/intranet-kihap/locations/us-central1/repositories/gcf-artifacts 200
[debug] [2025-09-29T03:32:30.781Z] <<< [apiv2][body] GET https://artifactregistry.googleapis.com/v1/projects/intranet-kihap/locations/us-central1/repositories/gcf-artifacts {"name":"projects/intranet-kihap/locations/us-central1/repositories/gcf-artifacts","format":"DOCKER","description":"This repository is created and used by Cloud Functions for storing function docker images.","labels":{"goog-managed-by":"cloudfunctions"},"createTime":"2025-09-29T03:30:48.412488Z","updateTime":"2025-09-29T03:32:03.371428Z","mode":"STANDARD_REPOSITORY","cleanupPolicies":{"firebase-functions-cleanup":{"id":"firebase-functions-cleanup","action":"DELETE","condition":{"tagState":"ANY","olderThan":"86400s"}}},"vulnerabilityScanningConfig":{"lastEnableTime":"2025-09-29T03:30:37.174108219Z","enablementState":"SCANNING_DISABLED","enablementStateReason":"API containerscanning.googleapis.com is not enabled."},"satisfiesPzi":true,"registryUri":"us-central1-docker.pkg.dev/intranet-kihap/gcf-artifacts"}
[debug] [2025-09-29T03:32:30.781Z] Functions deploy failed.
[debug] [2025-09-29T03:32:30.782Z] {}
[debug] [2025-09-29T03:32:30.860Z] Error: Precondition failed
    at Fabricator.updateV1Function (/Users/goedert/.nvm/versions/node/v22.19.0/lib/node_modules/firebase-tools/lib/deploy/functions/release/fabricator.js:361:19)
    at Fabricator.updateEndpoint (/Users/goedert/.nvm/versions/node/v22.19.0/lib/node_modules/firebase-tools/lib/deploy/functions/release/fabricator.js:157:24)
    at /Users/goedert/.nvm/versions/node/v22.19.0/lib/node_modules/firebase-tools/lib/deploy/functions/release/fabricator.js:110:71
    at handle (/Users/goedert/.nvm/versions/node/v22.19.0/lib/node_modules/firebase-tools/lib/deploy/functions/release/fabricator.js:89:23)
    at Fabricator.applyChangeset (/Users/goedert/.nvm/versions/node/v22.19.0/lib/node_modules/firebase-tools/lib/deploy/functions/release/fabricator.js:110:26)
    at /Users/goedert/.nvm/versions/node/v22.19.0/lib/node_modules/firebase-tools/lib/deploy/functions/release/fabricator.js:69:40
    at Array.map (<anonymous>)
    at Fabricator.applyPlan (/Users/goedert/.nvm/versions/node/v22.19.0/lib/node_modules/firebase-tools/lib/deploy/functions/release/fabricator.js:68:54)
    at release (/Users/goedert/.nvm/versions/node/v22.19.0/lib/node_modules/firebase-tools/lib/deploy/functions/release/index.js:76:31)
    at process.processTicksAndRejections (node:internal/process/task_queues:105:5)
[error] 
[error] Error: There was an error deploying functions
[debug] [2025-09-29T03:36:14.407Z] ----------------------------------------------------------------------
[debug] [2025-09-29T03:36:14.411Z] Command:       /Users/goedert/.nvm/versions/node/v22.19.0/bin/node /Users/goedert/.nvm/versions/node/v22.19.0/bin/firebase deploy --only functions
[debug] [2025-09-29T03:36:14.412Z] CLI Version:   14.17.0
[debug] [2025-09-29T03:36:14.412Z] Platform:      darwin
[debug] [2025-09-29T03:36:14.412Z] Node Version:  v22.19.0
[debug] [2025-09-29T03:36:14.413Z] Time:          Mon Sep 29 2025 00:36:14 GMT-0300 (Horário Padrão de Brasília)
[debug] [2025-09-29T03:36:14.413Z] ----------------------------------------------------------------------
[debug] 
[debug] [2025-09-29T03:36:14.622Z] > command requires scopes: ["email","openid","https://www.googleapis.com/auth/cloudplatformprojects.readonly","https://www.googleapis.com/auth/firebase","https://www.googleapis.com/auth/cloud-platform"]
[debug] [2025-09-29T03:36:14.622Z] > authorizing via signed-in user (comercial@kihap.com.br)
[debug] [2025-09-29T03:36:14.622Z] [iam] checking project intranet-kihap for permissions ["cloudfunctions.functions.create","cloudfunctions.functions.delete","cloudfunctions.functions.get","cloudfunctions.functions.list","cloudfunctions.functions.update","cloudfunctions.operations.get","firebase.projects.get"]
[debug] [2025-09-29T03:36:14.623Z] Checked if tokens are valid: true, expires at: 1759120107663
[debug] [2025-09-29T03:36:14.624Z] Checked if tokens are valid: true, expires at: 1759120107663
[debug] [2025-09-29T03:36:14.625Z] >>> [apiv2][query] POST https://cloudresourcemanager.googleapis.com/v1/projects/intranet-kihap:testIamPermissions [none]
[debug] [2025-09-29T03:36:14.625Z] >>> [apiv2][(partial)header] POST https://cloudresourcemanager.googleapis.com/v1/projects/intranet-kihap:testIamPermissions x-goog-quota-user=projects/intranet-kihap
[debug] [2025-09-29T03:36:14.625Z] >>> [apiv2][body] POST https://cloudresourcemanager.googleapis.com/v1/projects/intranet-kihap:testIamPermissions {"permissions":["cloudfunctions.functions.create","cloudfunctions.functions.delete","cloudfunctions.functions.get","cloudfunctions.functions.list","cloudfunctions.functions.update","cloudfunctions.operations.get","firebase.projects.get"]}
[debug] [2025-09-29T03:36:15.739Z] <<< [apiv2][status] POST https://cloudresourcemanager.googleapis.com/v1/projects/intranet-kihap:testIamPermissions 200
[debug] [2025-09-29T03:36:15.739Z] <<< [apiv2][body] POST https://cloudresourcemanager.googleapis.com/v1/projects/intranet-kihap:testIamPermissions {"permissions":["cloudfunctions.functions.create","cloudfunctions.functions.delete","cloudfunctions.functions.get","cloudfunctions.functions.list","cloudfunctions.functions.update","cloudfunctions.operations.get","firebase.projects.get"]}
[debug] [2025-09-29T03:36:15.739Z] Checked if tokens are valid: true, expires at: 1759120107663
[debug] [2025-09-29T03:36:15.739Z] Checked if tokens are valid: true, expires at: 1759120107663
[debug] [2025-09-29T03:36:15.740Z] >>> [apiv2][query] POST https://iam.googleapis.com/v1/projects/intranet-kihap/serviceAccounts/intranet-kihap@appspot.gserviceaccount.com:testIamPermissions [none]
[debug] [2025-09-29T03:36:15.740Z] >>> [apiv2][body] POST https://iam.googleapis.com/v1/projects/intranet-kihap/serviceAccounts/intranet-kihap@appspot.gserviceaccount.com:testIamPermissions {"permissions":["iam.serviceAccounts.actAs"]}
[debug] [2025-09-29T03:36:16.734Z] <<< [apiv2][status] POST https://iam.googleapis.com/v1/projects/intranet-kihap/serviceAccounts/intranet-kihap@appspot.gserviceaccount.com:testIamPermissions 200
[debug] [2025-09-29T03:36:16.734Z] <<< [apiv2][body] POST https://iam.googleapis.com/v1/projects/intranet-kihap/serviceAccounts/intranet-kihap@appspot.gserviceaccount.com:testIamPermissions {"permissions":["iam.serviceAccounts.actAs"]}
[info] 
[info] === Deploying to 'intranet-kihap'...
[info] 
[info] i  deploying functions 
[debug] [2025-09-29T03:36:16.737Z] Checked if tokens are valid: true, expires at: 1759120107663
[debug] [2025-09-29T03:36:16.737Z] Checked if tokens are valid: true, expires at: 1759120107663
[debug] [2025-09-29T03:36:16.738Z] >>> [apiv2][query] GET https://cloudresourcemanager.googleapis.com/v1/projects/intranet-kihap [none]
[debug] [2025-09-29T03:36:16.955Z] <<< [apiv2][status] GET https://cloudresourcemanager.googleapis.com/v1/projects/intranet-kihap 200
[debug] [2025-09-29T03:36:16.955Z] <<< [apiv2][body] GET https://cloudresourcemanager.googleapis.com/v1/projects/intranet-kihap {"projectNumber":"1055939458006","projectId":"intranet-kihap","lifecycleState":"ACTIVE","name":"Intranet-kihap","labels":{"firebase":"enabled","firebase-core":"disabled","generative-language":"enabled"},"createTime":"2025-08-24T21:36:32.438489Z","parent":{"type":"organization","id":"97020421655"}}
[info] i  functions: preparing codebase default for deployment 
[info] i  functions: ensuring required API cloudfunctions.googleapis.com is enabled... 
[info] i  functions: ensuring required API cloudbuild.googleapis.com is enabled... 
[info] i  artifactregistry: ensuring required API artifactregistry.googleapis.com is enabled... 
[debug] [2025-09-29T03:36:16.958Z] Checked if tokens are valid: true, expires at: 1759120107663
[debug] [2025-09-29T03:36:16.958Z] Checked if tokens are valid: true, expires at: 1759120107663
[debug] [2025-09-29T03:36:16.958Z] >>> [apiv2][query] GET https://firebase.googleapis.com/v1beta1/projects/intranet-kihap/adminSdkConfig [none]
[debug] [2025-09-29T03:36:17.472Z] <<< [apiv2][status] GET https://firebase.googleapis.com/v1beta1/projects/intranet-kihap/adminSdkConfig 200
[debug] [2025-09-29T03:36:17.472Z] <<< [apiv2][body] GET https://firebase.googleapis.com/v1beta1/projects/intranet-kihap/adminSdkConfig {"projectId":"intranet-kihap","storageBucket":"intranet-kihap.firebasestorage.app"}
[debug] [2025-09-29T03:36:17.472Z] Checked if tokens are valid: true, expires at: 1759120107663
[debug] [2025-09-29T03:36:17.473Z] Checked if tokens are valid: true, expires at: 1759120107663
[debug] [2025-09-29T03:36:17.473Z] >>> [apiv2][query] GET https://runtimeconfig.googleapis.com/v1beta1/projects/intranet-kihap/configs [none]
[debug] [2025-09-29T03:36:18.571Z] <<< [apiv2][status] GET https://runtimeconfig.googleapis.com/v1beta1/projects/intranet-kihap/configs 200
[debug] [2025-09-29T03:36:18.572Z] <<< [apiv2][body] GET https://runtimeconfig.googleapis.com/v1beta1/projects/intranet-kihap/configs {}
[debug] [2025-09-29T03:36:18.573Z] Validating nodejs source
[warn] ⚠  functions: Runtime Node.js 18 was deprecated on 2025-04-30 and will be decommissioned on 2025-10-30, after which you will not be able to deploy without upgrading. Consider upgrading now to avoid disruption. See https://cloud.google.com/functions/docs/runtime-support for full details on the lifecycle policy 
[warn] ⚠  functions: package.json indicates an outdated version of firebase-functions. Please upgrade using npm install --save firebase-functions@latest in your functions directory. 
[warn] ⚠  functions: Please note that there will be breaking changes when you upgrade. 
[debug] [2025-09-29T03:36:19.554Z] > [functions] package.json contents: {
  "name": "functions",
  "description": "Cloud Functions for Firebase",
  "scripts": {
    "serve": "firebase emulators:start --only functions",
    "shell": "firebase functions:shell",
    "start": "npm run shell",
    "deploy": "firebase deploy --only functions",
    "logs": "firebase functions:log"
  },
  "engines": {
    "node": "18"
  },
  "main": "index.js",
  "dependencies": {
    "firebase-admin": "^11.8.0",
    "firebase-functions": "^4.3.1"
  },
  "devDependencies": {
    "firebase-functions-test": "^3.1.0"
  },
  "private": true
}
[debug] [2025-09-29T03:36:19.555Z] Building nodejs source
[info] i  functions: Loading and analyzing source code for codebase default to determine what to deploy 
[info] i  functions: You are using a version of firebase-functions SDK (4.9.0) that does not have support for the newest Firebase Extensions features. Please update firebase-functions SDK to >=5.1.0 to use them correctly 
[debug] [2025-09-29T03:36:19.556Z] Could not find functions.yaml. Must use http discovery
[debug] [2025-09-29T03:36:19.567Z] Found firebase-functions binary at '/Users/goedert/Documents/GITHUB/KIHAP/novokihap/functions/node_modules/.bin/firebase-functions'
[info] Serving at port 8509

[debug] [2025-09-29T03:36:20.183Z] Got response from /__/functions.yaml {"endpoints":{"setUserRole":{"platform":"gcfv1","labels":{},"availableMemoryMb":null,"timeoutSeconds":null,"minInstances":null,"maxInstances":null,"ingressSettings":null,"serviceAccountEmail":null,"vpc":null,"callableTrigger":{},"entryPoint":"setUserRole"}},"specVersion":"v1alpha1","requiredAPIs":[]}
[info] i  functions: preparing functions directory for uploading... 
[info] i  functions: packaged /Users/goedert/Documents/GITHUB/KIHAP/novokihap/functions (74.13 KB) for uploading 
[debug] [2025-09-29T03:36:24.249Z] Checked if tokens are valid: true, expires at: 1759120107663
[debug] [2025-09-29T03:36:24.250Z] Checked if tokens are valid: true, expires at: 1759120107663
[debug] [2025-09-29T03:36:24.250Z] >>> [apiv2][query] GET https://cloudfunctions.googleapis.com/v1/projects/intranet-kihap/locations/-/functions [none]
[debug] [2025-09-29T03:36:25.356Z] <<< [apiv2][status] GET https://cloudfunctions.googleapis.com/v1/projects/intranet-kihap/locations/-/functions 200
[debug] [2025-09-29T03:36:25.356Z] <<< [apiv2][body] GET https://cloudfunctions.googleapis.com/v1/projects/intranet-kihap/locations/-/functions {"functions":[{"name":"projects/intranet-kihap/locations/us-central1/functions/setUserRole","httpsTrigger":{"url":"https://us-central1-intranet-kihap.cloudfunctions.net/setUserRole","securityLevel":"SECURE_ALWAYS"},"status":"OFFLINE","entryPoint":"setUserRole","timeout":"60s","availableMemoryMb":256,"serviceAccountEmail":"intranet-kihap@appspot.gserviceaccount.com","updateTime":"2025-09-29T03:31:19.970591812Z","versionId":"1","labels":{"deployment-tool":"cli-firebase","deployment-callable":"true","firebase-functions-hash":"7f736d9dff06b61b857b53b8670be4d78725e7ac"},"sourceUploadUrl":"https://storage.googleapis.com/uploads-141319004885.us-central1.cloudfunctions.appspot.com/e7f77651-10eb-4194-aa41-6cfdac351a74.zip","environmentVariables":{"FIREBASE_CONFIG":"{\"projectId\":\"intranet-kihap\",\"storageBucket\":\"intranet-kihap.firebasestorage.app\"}","GCLOUD_PROJECT":"intranet-kihap","EVENTARC_CLOUD_EVENT_SOURCE":"projects/intranet-kihap/locations/us-central1/functions/setUserRole"},"runtime":"nodejs18","ingressSettings":"ALLOW_ALL","buildEnvironmentVariables":{"GOOGLE_NODE_RUN_SCRIPTS":""},"dockerRegistry":"ARTIFACT_REGISTRY","automaticUpdatePolicy":{},"buildServiceAccount":"projects/intranet-kihap/serviceAccounts/1055939458006-compute@developer.gserviceaccount.com","satisfiesPzi":true}]}
[debug] [2025-09-29T03:36:25.357Z] Checked if tokens are valid: true, expires at: 1759120107663
[debug] [2025-09-29T03:36:25.357Z] Checked if tokens are valid: true, expires at: 1759120107663
[debug] [2025-09-29T03:36:25.357Z] >>> [apiv2][query] GET https://cloudfunctions.googleapis.com/v2/projects/intranet-kihap/locations/-/functions filter=environment%3D%22GEN_2%22
[debug] [2025-09-29T03:36:26.588Z] <<< [apiv2][status] GET https://cloudfunctions.googleapis.com/v2/projects/intranet-kihap/locations/-/functions 200
[debug] [2025-09-29T03:36:26.588Z] <<< [apiv2][body] GET https://cloudfunctions.googleapis.com/v2/projects/intranet-kihap/locations/-/functions {}
[debug] [2025-09-29T03:36:26.592Z] Checked if tokens are valid: true, expires at: 1759120107663
[debug] [2025-09-29T03:36:26.592Z] Checked if tokens are valid: true, expires at: 1759120107663
[debug] [2025-09-29T03:36:26.592Z] >>> [apiv2][query] GET https://cloudresourcemanager.googleapis.com/v1/projects/intranet-kihap [none]
[debug] [2025-09-29T03:36:27.480Z] <<< [apiv2][status] GET https://cloudresourcemanager.googleapis.com/v1/projects/intranet-kihap 200
[debug] [2025-09-29T03:36:27.480Z] <<< [apiv2][body] GET https://cloudresourcemanager.googleapis.com/v1/projects/intranet-kihap {"projectNumber":"1055939458006","projectId":"intranet-kihap","lifecycleState":"ACTIVE","name":"Intranet-kihap","labels":{"firebase":"enabled","firebase-core":"disabled","generative-language":"enabled"},"createTime":"2025-08-24T21:36:32.438489Z","parent":{"type":"organization","id":"97020421655"}}
[info] i  functions: updating Node.js 18 (1st Gen) function setUserRole(us-central1)... 
[debug] [2025-09-29T03:36:27.484Z] Precondition failed. Cannot update a GCF function without sourceUrl
[debug] [2025-09-29T03:36:27.489Z] Total Function Deployment time: 1
[debug] [2025-09-29T03:36:27.489Z] 1 Functions Deployed
[debug] [2025-09-29T03:36:27.489Z] 1 Functions Errored
[debug] [2025-09-29T03:36:27.489Z] 0 Function Deployments Aborted
[debug] [2025-09-29T03:36:27.489Z] Average Function Deployment time: 0
[info] 
[info] Functions deploy had errors with the following functions:
	setUserRole(us-central1)
[debug] [2025-09-29T03:36:27.654Z] Checked if tokens are valid: true, expires at: 1759120107663
[debug] [2025-09-29T03:36:27.654Z] Checked if tokens are valid: true, expires at: 1759120107663
[debug] [2025-09-29T03:36:27.654Z] >>> [apiv2][query] GET https://artifactregistry.googleapis.com/v1/projects/intranet-kihap/locations/us-central1/repositories/gcf-artifacts [none]
[debug] [2025-09-29T03:36:28.866Z] <<< [apiv2][status] GET https://artifactregistry.googleapis.com/v1/projects/intranet-kihap/locations/us-central1/repositories/gcf-artifacts 200
[debug] [2025-09-29T03:36:28.866Z] <<< [apiv2][body] GET https://artifactregistry.googleapis.com/v1/projects/intranet-kihap/locations/us-central1/repositories/gcf-artifacts {"name":"projects/intranet-kihap/locations/us-central1/repositories/gcf-artifacts","format":"DOCKER","description":"This repository is created and used by Cloud Functions for storing function docker images.","labels":{"goog-managed-by":"cloudfunctions"},"createTime":"2025-09-29T03:30:48.412488Z","updateTime":"2025-09-29T03:32:03.371428Z","mode":"STANDARD_REPOSITORY","cleanupPolicies":{"firebase-functions-cleanup":{"id":"firebase-functions-cleanup","action":"DELETE","condition":{"tagState":"ANY","olderThan":"86400s"}}},"vulnerabilityScanningConfig":{"lastEnableTime":"2025-09-29T03:30:37.174108219Z","enablementState":"SCANNING_DISABLED","enablementStateReason":"API containerscanning.googleapis.com is not enabled."},"satisfiesPzi":true,"registryUri":"us-central1-docker.pkg.dev/intranet-kihap/gcf-artifacts"}
[debug] [2025-09-29T03:36:28.867Z] Functions deploy failed.
[debug] [2025-09-29T03:36:28.867Z] {}
[debug] [2025-09-29T03:36:28.935Z] Error: Precondition failed
    at Fabricator.updateV1Function (/Users/goedert/.nvm/versions/node/v22.19.0/lib/node_modules/firebase-tools/lib/deploy/functions/release/fabricator.js:361:19)
    at Fabricator.updateEndpoint (/Users/goedert/.nvm/versions/node/v22.19.0/lib/node_modules/firebase-tools/lib/deploy/functions/release/fabricator.js:157:24)
    at /Users/goedert/.nvm/versions/node/v22.19.0/lib/node_modules/firebase-tools/lib/deploy/functions/release/fabricator.js:110:71
    at handle (/Users/goedert/.nvm/versions/node/v22.19.0/lib/node_modules/firebase-tools/lib/deploy/functions/release/fabricator.js:89:23)
    at Fabricator.applyChangeset (/Users/goedert/.nvm/versions/node/v22.19.0/lib/node_modules/firebase-tools/lib/deploy/functions/release/fabricator.js:110:26)
    at /Users/goedert/.nvm/versions/node/v22.19.0/lib/node_modules/firebase-tools/lib/deploy/functions/release/fabricator.js:69:40
    at Array.map (<anonymous>)
    at Fabricator.applyPlan (/Users/goedert/.nvm/versions/node/v22.19.0/lib/node_modules/firebase-tools/lib/deploy/functions/release/fabricator.js:68:54)
    at release (/Users/goedert/.nvm/versions/node/v22.19.0/lib/node_modules/firebase-tools/lib/deploy/functions/release/index.js:76:31)
    at process.processTicksAndRejections (node:internal/process/task_queues:105:5)
[error] 
[error] Error: There was an error deploying functions
